deserializing ...
**********************
Polarity time: 0.004035
Preprocess time: 0.013218
Decompose Order: 0.000012
Encoding Graph Time: 0.041886
Elapse Encode time: 1.090344
Is problem UNSAT after encoding: 0
CNF Encode time: 0.000001
SAT Solving time: 172.826413
Result Computed in SAT solver:	SAT
CSOLVER solve time: 173.916775
Mutating 1 settings
&&&&&&&&Mutating&&&&&&&
Param ELEMENTOPTSETS = 1 	 range=[0,1]
&&&&&&&&&&&&&&&&&&&&&&&
**********************
Polarity time: 0.003925
Preprocess time: 0.012769
Decompose Order: 0.000007
Encoding Graph Time: 0.077234
Elapse Encode time: 0.175357
Is problem UNSAT after encoding: 0
CNF Encode time: 0.000000
SAT Solving time: 173.880185
Result Computed in SAT solver:	SAT
CSOLVER solve time: 174.055553
Param PREPROCESS = 1 	 range=[0,1]
Param ELEMENTOPTSETS = 1 	 range=[0,1]
Param ELEMENTOPT = 1 	 range=[0,1]
Param PROXYVARIABLE = 1 	 range=[1,5]
Received score 174055552888.000000
Mutating 1 settings
&&&&&&&&Mutating&&&&&&&
Param PREPROCESS = 0 	 range=[0,1]
&&&&&&&&&&&&&&&&&&&&&&&
**********************
Polarity time: 0.003697
Preprocess time: 0.000014
Decompose Order: 0.000004
Encoding Graph Time: 0.078022
Elapse Encode time: 0.162977
Is problem UNSAT after encoding: 0
CNF Encode time: 0.000000
SAT Solving time: 169.950790
Result Computed in SAT solver:	SAT
CSOLVER solve time: 170.113780
Param PREPROCESS = 0 	 range=[0,1]
Param ELEMENTOPTSETS = 1 	 range=[0,1]
Param ELEMENTOPT = 1 	 range=[0,1]
Param PROXYVARIABLE = 1 	 range=[1,5]
Received score 170113779509.000000
Mutating 1 settings
&&&&&&&&Mutating&&&&&&&
Param ELEMENTOPT = 0 	 range=[0,1]
&&&&&&&&&&&&&&&&&&&&&&&
**********************
Polarity time: 0.003722
Preprocess time: 0.000013
Decompose Order: 0.000003
Encoding Graph Time: 0.004957
Elapse Encode time: 3.665021
Is problem UNSAT after encoding: 0
CNF Encode time: 0.000000
SAT Solving time: 185.708077
Result Computed in SAT solver:	SAT
CSOLVER solve time: 189.373110
Param PREPROCESS = 0 	 range=[0,1]
Param ELEMENTOPTSETS = 1 	 range=[0,1]
Param ELEMENTOPT = 0 	 range=[0,1]
Param PROXYVARIABLE = 1 	 range=[1,5]
Received score 189373110441.000000
Mutating 1 settings
&&&&&&&&Mutating&&&&&&&
Param PROXYVARIABLE = 5 	 range=[1,5]
&&&&&&&&&&&&&&&&&&&&&&&
**********************
Polarity time: 0.003696
Preprocess time: 0.000014
Decompose Order: 0.000003
Encoding Graph Time: 0.004988
Elapse Encode time: 3.656909
Is problem UNSAT after encoding: 0
CNF Encode time: 0.000000
SAT Solving time: 223.981770
Result Computed in SAT solver:	SAT
CSOLVER solve time: 227.638691
Param PREPROCESS = 0 	 range=[0,1]
Param ELEMENTOPTSETS = 1 	 range=[0,1]
Param ELEMENTOPT = 0 	 range=[0,1]
Param PROXYVARIABLE = 5 	 range=[1,5]
Received score 227638691365.000000
Mutating 1 settings
&&&&&&&&Mutating&&&&&&&
Param PREPROCESS = 1 	 range=[0,1]
&&&&&&&&&&&&&&&&&&&&&&&
**********************
Polarity time: 0.003746
Preprocess time: 0.012362
Decompose Order: 0.000006
Encoding Graph Time: 0.005093
Elapse Encode time: 3.673204
Is problem UNSAT after encoding: 0
CNF Encode time: 0.000000
SAT Solving time: 204.648955
Result Computed in SAT solver:	SAT
CSOLVER solve time: 208.322172
Param PREPROCESS = 1 	 range=[0,1]
Param ELEMENTOPTSETS = 1 	 range=[0,1]
Param ELEMENTOPT = 0 	 range=[0,1]
Param PROXYVARIABLE = 1 	 range=[1,5]
Received score 208322171971.000000
Mutating 1 settings
&&&&&&&&Mutating&&&&&&&
Param PREPROCESS = 0 	 range=[0,1]
&&&&&&&&&&&&&&&&&&&&&&&
**********************
Polarity time: 0.003783
Preprocess time: 0.000014
Decompose Order: 0.000003
Encoding Graph Time: 0.005070
Elapse Encode time: 3.660124
Is problem UNSAT after encoding: 0
CNF Encode time: 0.000000
SAT Solving time: 168.955967
Result Computed in SAT solver:	SAT
CSOLVER solve time: 172.616103
Param PREPROCESS = 0 	 range=[0,1]
Param ELEMENTOPTSETS = 1 	 range=[0,1]
Param ELEMENTOPT = 0 	 range=[0,1]
Param PROXYVARIABLE = 1 	 range=[1,5]
Received score 172616103387.000000
Mutating 1 settings
&&&&&&&&Mutating&&&&&&&
Param PROXYVARIABLE = 3 	 range=[1,5]
&&&&&&&&&&&&&&&&&&&&&&&
**********************
Polarity time: 0.003876
Preprocess time: 0.000014
Decompose Order: 0.000033
Encoding Graph Time: 0.005254
Elapse Encode time: 3.743260
Is problem UNSAT after encoding: 0
CNF Encode time: 0.000000
SAT Solving time: 204.470081
Result Computed in SAT solver:	SAT
CSOLVER solve time: 208.213356
Param PREPROCESS = 0 	 range=[0,1]
Param ELEMENTOPTSETS = 1 	 range=[0,1]
Param ELEMENTOPT = 0 	 range=[0,1]
Param PROXYVARIABLE = 3 	 range=[1,5]
Received score 208213356243.000000
Mutating 1 settings
&&&&&&&&Mutating&&&&&&&
Param ELEMENTOPT = 1 	 range=[0,1]
&&&&&&&&&&&&&&&&&&&&&&&
**********************
Polarity time: 0.004094
Preprocess time: 0.000013
Decompose Order: 0.000004
Encoding Graph Time: 0.080160
Elapse Encode time: 0.165375
Is problem UNSAT after encoding: 0
CNF Encode time: 0.000000
SAT Solving time: 160.109910
Result Computed in SAT solver:	SAT
CSOLVER solve time: 160.275297
Param PREPROCESS = 0 	 range=[0,1]
Param ELEMENTOPTSETS = 1 	 range=[0,1]
Param ELEMENTOPT = 1 	 range=[0,1]
Param PROXYVARIABLE = 3 	 range=[1,5]
Received score 160275296708.000000
Mutating 1 settings
&&&&&&&&Mutating&&&&&&&
Param PROXYVARIABLE = 5 	 range=[1,5]
&&&&&&&&&&&&&&&&&&&&&&&
**********************
Polarity time: 0.004059
Preprocess time: 0.000014
Decompose Order: 0.000003
Encoding Graph Time: 0.078355
Elapse Encode time: 0.163761
Is problem UNSAT after encoding: 0
CNF Encode time: 0.000000
SAT Solving time: 156.193350
Result Computed in SAT solver:	SAT
CSOLVER solve time: 156.357122
Param PREPROCESS = 0 	 range=[0,1]
Param ELEMENTOPTSETS = 1 	 range=[0,1]
Param ELEMENTOPT = 1 	 range=[0,1]
Param PROXYVARIABLE = 5 	 range=[1,5]
Received score 156357122315.000000
Mutating 1 settings
&&&&&&&&Mutating&&&&&&&
Param ELEMENTOPT = 0 	 range=[0,1]
&&&&&&&&&&&&&&&&&&&&&&&
**********************
Polarity time: 0.004075
Preprocess time: 0.000012
Decompose Order: 0.000003
Encoding Graph Time: 0.005185
Elapse Encode time: 3.663215
Is problem UNSAT after encoding: 0
CNF Encode time: 0.000000
SAT Solving time: 203.557549
Result Computed in SAT solver:	SAT
CSOLVER solve time: 207.220776
Param PREPROCESS = 0 	 range=[0,1]
Param ELEMENTOPTSETS = 1 	 range=[0,1]
Param ELEMENTOPT = 0 	 range=[0,1]
Param PROXYVARIABLE = 5 	 range=[1,5]
Received score 207220776365.000000
Mutating 1 settings
&&&&&&&&Mutating&&&&&&&
Param ELEMENTOPTSETS = 0 	 range=[0,1]
&&&&&&&&&&&&&&&&&&&&&&&
**********************
Polarity time: 0.003905
Preprocess time: 0.000010
Decompose Order: 0.000003
Encoding Graph Time: 0.005012
Elapse Encode time: 3.644834
Is problem UNSAT after encoding: 0
CNF Encode time: 0.000000
SAT Solving time: 212.951258
Result Computed in SAT solver:	SAT
CSOLVER solve time: 216.596105
Param PREPROCESS = 0 	 range=[0,1]
Param ELEMENTOPTSETS = 0 	 range=[0,1]
Param ELEMENTOPT = 0 	 range=[0,1]
Param PROXYVARIABLE = 5 	 range=[1,5]
Received score 216596104827.000000
Mutating 1 settings
&&&&&&&&Mutating&&&&&&&
Param PREPROCESS = 1 	 range=[0,1]
&&&&&&&&&&&&&&&&&&&&&&&
**********************
Polarity time: 0.003877
Preprocess time: 0.012756
Decompose Order: 0.000007
Encoding Graph Time: 0.005143
Elapse Encode time: 3.682618
Is problem UNSAT after encoding: 0
CNF Encode time: 0.000000
SAT Solving time: 209.801021
Result Computed in SAT solver:	SAT
CSOLVER solve time: 213.483652
Param PREPROCESS = 1 	 range=[0,1]
Param ELEMENTOPTSETS = 0 	 range=[0,1]
Param ELEMENTOPT = 0 	 range=[0,1]
Param PROXYVARIABLE = 5 	 range=[1,5]
Received score 213483652346.000000
Mutating 1 settings
&&&&&&&&Mutating&&&&&&&
Param ELEMENTOPTSETS = 1 	 range=[0,1]
&&&&&&&&&&&&&&&&&&&&&&&
**********************
Polarity time: 0.003956
Preprocess time: 0.012794
Decompose Order: 0.000007
Encoding Graph Time: 0.005206
Elapse Encode time: 3.699788
Is problem UNSAT after encoding: 0
CNF Encode time: 0.000000
SAT Solving time: 212.723803
Result Computed in SAT solver:	SAT
CSOLVER solve time: 216.423604
Param PREPROCESS = 1 	 range=[0,1]
Param ELEMENTOPTSETS = 1 	 range=[0,1]
Param ELEMENTOPT = 0 	 range=[0,1]
Param PROXYVARIABLE = 5 	 range=[1,5]
Received score 216423604309.000000
Mutating 1 settings
&&&&&&&&Mutating&&&&&&&
Param PROXYVARIABLE = 1 	 range=[1,5]
&&&&&&&&&&&&&&&&&&&&&&&
**********************
Polarity time: 0.003936
Preprocess time: 0.012737
Decompose Order: 0.000007
Encoding Graph Time: 0.005156
Elapse Encode time: 3.788655
Is problem UNSAT after encoding: 0
CNF Encode time: 0.000000
SAT Solving time: 193.596544
Result Computed in SAT solver:	SAT
CSOLVER solve time: 197.385211
Param PREPROCESS = 1 	 range=[0,1]
Param ELEMENTOPTSETS = 1 	 range=[0,1]
Param ELEMENTOPT = 0 	 range=[0,1]
Param PROXYVARIABLE = 1 	 range=[1,5]
Received score 197385211257.000000
Mutating 1 settings
&&&&&&&&Mutating&&&&&&&
Param ELEMENTOPT = 1 	 range=[0,1]
&&&&&&&&&&&&&&&&&&&&&&&
**********************
Polarity time: 0.003742
Preprocess time: 0.012359
Decompose Order: 0.000007
Encoding Graph Time: 0.076438
Elapse Encode time: 0.173937
Is problem UNSAT after encoding: 0
CNF Encode time: 0.000000
SAT Solving time: 160.742431
Result Computed in SAT solver:	SAT
CSOLVER solve time: 160.916381
Param PREPROCESS = 1 	 range=[0,1]
Param ELEMENTOPTSETS = 1 	 range=[0,1]
Param ELEMENTOPT = 1 	 range=[0,1]
Param PROXYVARIABLE = 1 	 range=[1,5]
Received score 160916380571.000000
Mutating 1 settings
&&&&&&&&Mutating&&&&&&&
Param ELEMENTOPT = 0 	 range=[0,1]
&&&&&&&&&&&&&&&&&&&&&&&
**********************
Polarity time: 0.003737
Preprocess time: 0.012349
Decompose Order: 0.000006
Encoding Graph Time: 0.005086
Elapse Encode time: 3.669822
Is problem UNSAT after encoding: 0
CNF Encode time: 0.000000
SAT Solving time: 188.818087
Result Computed in SAT solver:	SAT
CSOLVER solve time: 192.487921
Param PREPROCESS = 1 	 range=[0,1]
Param ELEMENTOPTSETS = 1 	 range=[0,1]
Param ELEMENTOPT = 0 	 range=[0,1]
Param PROXYVARIABLE = 1 	 range=[1,5]
Received score 192487920763.000000
Mutating 1 settings
&&&&&&&&Mutating&&&&&&&
Param PROXYVARIABLE = 2 	 range=[1,5]
&&&&&&&&&&&&&&&&&&&&&&&
**********************
Polarity time: 0.003727
Preprocess time: 0.012391
Decompose Order: 0.000007
Encoding Graph Time: 0.005276
Elapse Encode time: 3.682198
Is problem UNSAT after encoding: 0
CNF Encode time: 0.000000
SAT Solving time: 211.634056
Result Computed in SAT solver:	SAT
CSOLVER solve time: 215.316267
Param PREPROCESS = 1 	 range=[0,1]
Param ELEMENTOPTSETS = 1 	 range=[0,1]
Param ELEMENTOPT = 0 	 range=[0,1]
Param PROXYVARIABLE = 2 	 range=[1,5]
Received score 215316267144.000000
Mutating 1 settings
&&&&&&&&Mutating&&&&&&&
Param ELEMENTOPTSETS = 0 	 range=[0,1]
&&&&&&&&&&&&&&&&&&&&&&&
**********************
Polarity time: 0.003778
Preprocess time: 0.012453
Decompose Order: 0.000008
Encoding Graph Time: 0.005142
Elapse Encode time: 3.676799
Is problem UNSAT after encoding: 0
CNF Encode time: 0.000000
SAT Solving time: 198.427101
Result Computed in SAT solver:	SAT
CSOLVER solve time: 202.103912
Param PREPROCESS = 1 	 range=[0,1]
Param ELEMENTOPTSETS = 0 	 range=[0,1]
Param ELEMENTOPT = 0 	 range=[0,1]
Param PROXYVARIABLE = 1 	 range=[1,5]
Received score 202103912479.000000
Mutating 1 settings
&&&&&&&&Mutating&&&&&&&
Param PREPROCESS = 0 	 range=[0,1]
&&&&&&&&&&&&&&&&&&&&&&&
**********************
Polarity time: 0.003800
Preprocess time: 0.000013
Decompose Order: 0.000004
Encoding Graph Time: 0.005169
Elapse Encode time: 3.694777
Is problem UNSAT after encoding: 0
CNF Encode time: 0.000000
SAT Solving time: 213.284328
Result Computed in SAT solver:	SAT
CSOLVER solve time: 216.979118
Param PREPROCESS = 0 	 range=[0,1]
Param ELEMENTOPTSETS = 0 	 range=[0,1]
Param ELEMENTOPT = 0 	 range=[0,1]
Param PROXYVARIABLE = 1 	 range=[1,5]
Received score 216979117988.000000
Mutating 1 settings
&&&&&&&&Mutating&&&&&&&
Param ELEMENTOPTSETS = 1 	 range=[0,1]
&&&&&&&&&&&&&&&&&&&&&&&
**********************
Polarity time: 0.003946
Preprocess time: 0.000011
Decompose Order: 0.000003
Encoding Graph Time: 0.005132
Elapse Encode time: 3.723860
Is problem UNSAT after encoding: 0
CNF Encode time: 0.000000
SAT Solving time: 175.762665
Result Computed in SAT solver:	SAT
CSOLVER solve time: 179.486539
Param PREPROCESS = 0 	 range=[0,1]
Param ELEMENTOPTSETS = 1 	 range=[0,1]
Param ELEMENTOPT = 0 	 range=[0,1]
Param PROXYVARIABLE = 1 	 range=[1,5]
Received score 179486538926.000000
Mutating 1 settings
&&&&&&&&Mutating&&&&&&&
Param PREPROCESS = 1 	 range=[0,1]
&&&&&&&&&&&&&&&&&&&&&&&
**********************
Polarity time: 0.003912
Preprocess time: 0.012528
Decompose Order: 0.000008
Encoding Graph Time: 0.005059
Elapse Encode time: 3.674142
Is problem UNSAT after encoding: 0
CNF Encode time: 0.000000
SAT Solving time: 211.915724
Result Computed in SAT solver:	SAT
CSOLVER solve time: 215.589878
Param PREPROCESS = 1 	 range=[0,1]
Param ELEMENTOPTSETS = 1 	 range=[0,1]
Param ELEMENTOPT = 0 	 range=[0,1]
Param PROXYVARIABLE = 1 	 range=[1,5]
Received score 215589878125.000000
Mutating 1 settings
&&&&&&&&Mutating&&&&&&&
Param ELEMENTOPTSETS = 0 	 range=[0,1]
&&&&&&&&&&&&&&&&&&&&&&&
**********************
Polarity time: 0.004946
Preprocess time: 0.014076
Decompose Order: 0.000007
Encoding Graph Time: 0.005094
Elapse Encode time: 3.698828
Is problem UNSAT after encoding: 0
CNF Encode time: 0.000000
SAT Solving time: 211.473552
Result Computed in SAT solver:	SAT
CSOLVER solve time: 215.172394
Param PREPROCESS = 1 	 range=[0,1]
Param ELEMENTOPTSETS = 0 	 range=[0,1]
Param ELEMENTOPT = 0 	 range=[0,1]
Param PROXYVARIABLE = 1 	 range=[1,5]
Received score 215172393540.000000
Mutating 1 settings
&&&&&&&&Mutating&&&&&&&
Param PREPROCESS = 0 	 range=[0,1]
&&&&&&&&&&&&&&&&&&&&&&&
**********************
Polarity time: 0.004016
Preprocess time: 0.000011
Decompose Order: 0.000003
Encoding Graph Time: 0.005101
Elapse Encode time: 3.708234
Is problem UNSAT after encoding: 0
CNF Encode time: 0.000000
SAT Solving time: 175.099455
Result Computed in SAT solver:	SAT
CSOLVER solve time: 178.807702
Param PREPROCESS = 0 	 range=[0,1]
Param ELEMENTOPTSETS = 0 	 range=[0,1]
Param ELEMENTOPT = 0 	 range=[0,1]
Param PROXYVARIABLE = 1 	 range=[1,5]
Received score 178807701670.000000
Mutating 1 settings
&&&&&&&&Mutating&&&&&&&
Param ELEMENTOPTSETS = 1 	 range=[0,1]
&&&&&&&&&&&&&&&&&&&&&&&
**********************
Polarity time: 0.003954
Preprocess time: 0.000011
Decompose Order: 0.000003
Encoding Graph Time: 0.005191
Elapse Encode time: 3.710612
Is problem UNSAT after encoding: 0
CNF Encode time: 0.000000
SAT Solving time: 189.884156
Result Computed in SAT solver:	SAT
CSOLVER solve time: 193.594781
Param PREPROCESS = 0 	 range=[0,1]
Param ELEMENTOPTSETS = 1 	 range=[0,1]
Param ELEMENTOPT = 0 	 range=[0,1]
Param PROXYVARIABLE = 1 	 range=[1,5]
Received score 193594780541.000000
Mutating 1 settings
&&&&&&&&Mutating&&&&&&&
Param ELEMENTOPT = 1 	 range=[0,1]
&&&&&&&&&&&&&&&&&&&&&&&
**********************
Polarity time: 0.003990
Preprocess time: 0.000011
Decompose Order: 0.000003
Encoding Graph Time: 0.077490
Elapse Encode time: 0.162925
Is problem UNSAT after encoding: 0
CNF Encode time: 0.000000
SAT Solving time: 161.874690
Result Computed in SAT solver:	SAT
CSOLVER solve time: 162.037625
Param PREPROCESS = 0 	 range=[0,1]
Param ELEMENTOPTSETS = 1 	 range=[0,1]
Param ELEMENTOPT = 1 	 range=[0,1]
Param PROXYVARIABLE = 1 	 range=[1,5]
Received score 162037625387.000000
Mutating 1 settings
&&&&&&&&Mutating&&&&&&&
Param ELEMENTOPT = 0 	 range=[0,1]
&&&&&&&&&&&&&&&&&&&&&&&
**********************
Polarity time: 0.004718
Preprocess time: 0.000019
Decompose Order: 0.000004
Encoding Graph Time: 0.006761
Elapse Encode time: 3.685110
Is problem UNSAT after encoding: 0
CNF Encode time: 0.000000
SAT Solving time: 196.936218
Result Computed in SAT solver:	SAT
CSOLVER solve time: 200.621340
Param PREPROCESS = 0 	 range=[0,1]
Param ELEMENTOPTSETS = 1 	 range=[0,1]
Param ELEMENTOPT = 0 	 range=[0,1]
Param PROXYVARIABLE = 1 	 range=[1,5]
Received score 200621339784.000000
Mutating 1 settings
&&&&&&&&Mutating&&&&&&&
Param PREPROCESS = 1 	 range=[0,1]
&&&&&&&&&&&&&&&&&&&&&&&
**********************
Polarity time: 0.004118
Preprocess time: 0.013453
Decompose Order: 0.000009
Encoding Graph Time: 0.005998
Elapse Encode time: 3.686376
Is problem UNSAT after encoding: 0
CNF Encode time: 0.000000
SAT Solving time: 194.281813
Result Computed in SAT solver:	SAT
CSOLVER solve time: 197.968202
Param PREPROCESS = 1 	 range=[0,1]
Param ELEMENTOPTSETS = 1 	 range=[0,1]
Param ELEMENTOPT = 0 	 range=[0,1]
Param PROXYVARIABLE = 1 	 range=[1,5]
Received score 197968202182.000000
Mutating 1 settings
&&&&&&&&Mutating&&&&&&&
Param PREPROCESS = 0 	 range=[0,1]
&&&&&&&&&&&&&&&&&&&&&&&
**********************
Polarity time: 0.003897
Preprocess time: 0.000011
Decompose Order: 0.000003
Encoding Graph Time: 0.005008
Elapse Encode time: 3.673334
Is problem UNSAT after encoding: 0
CNF Encode time: 0.000000
SAT Solving time: 209.588656
Result Computed in SAT solver:	SAT
CSOLVER solve time: 213.262002
Param PREPROCESS = 0 	 range=[0,1]
Param ELEMENTOPTSETS = 1 	 range=[0,1]
Param ELEMENTOPT = 0 	 range=[0,1]
Param PROXYVARIABLE = 1 	 range=[1,5]
Received score 213262001799.000000
Mutating 1 settings
&&&&&&&&Mutating&&&&&&&
Param ELEMENTOPT = 1 	 range=[0,1]
&&&&&&&&&&&&&&&&&&&&&&&
**********************
Polarity time: 0.003856
Preprocess time: 0.012520
Decompose Order: 0.000008
Encoding Graph Time: 0.077373
Elapse Encode time: 0.175199
Is problem UNSAT after encoding: 0
CNF Encode time: 0.000000
SAT Solving time: 160.810740
Result Computed in SAT solver:	SAT
CSOLVER solve time: 160.985950
Param PREPROCESS = 1 	 range=[0,1]
Param ELEMENTOPTSETS = 1 	 range=[0,1]
Param ELEMENTOPT = 1 	 range=[0,1]
Param PROXYVARIABLE = 1 	 range=[1,5]
Received score 160985949607.000000
Mutating 1 settings
&&&&&&&&Mutating&&&&&&&
Param PREPROCESS = 0 	 range=[0,1]
&&&&&&&&&&&&&&&&&&&&&&&
**********************
Polarity time: 0.003781
Preprocess time: 0.000015
Decompose Order: 0.000005
Encoding Graph Time: 0.077545
Elapse Encode time: 0.162992
Is problem UNSAT after encoding: 0
CNF Encode time: 0.000000
SAT Solving time: 160.765425
Result Computed in SAT solver:	SAT
CSOLVER solve time: 160.928428
Param PREPROCESS = 0 	 range=[0,1]
Param ELEMENTOPTSETS = 1 	 range=[0,1]
Param ELEMENTOPT = 1 	 range=[0,1]
Param PROXYVARIABLE = 1 	 range=[1,5]
Received score 160928427691.000000
Mutating 1 settings
&&&&&&&&Mutating&&&&&&&
Param PROXYVARIABLE = 2 	 range=[1,5]
&&&&&&&&&&&&&&&&&&&&&&&
**********************
Polarity time: 0.003909
Preprocess time: 0.000016
Decompose Order: 0.000004
Encoding Graph Time: 0.078728
Elapse Encode time: 0.164136
Is problem UNSAT after encoding: 0
CNF Encode time: 0.000000
SAT Solving time: 162.124576
Result Computed in SAT solver:	SAT
CSOLVER solve time: 162.288723
Param PREPROCESS = 0 	 range=[0,1]
Param ELEMENTOPTSETS = 1 	 range=[0,1]
Param ELEMENTOPT = 1 	 range=[0,1]
Param PROXYVARIABLE = 2 	 range=[1,5]
Received score 162288723346.000000
Mutating 1 settings
&&&&&&&&Mutating&&&&&&&
Param ELEMENTOPT = 0 	 range=[0,1]
&&&&&&&&&&&&&&&&&&&&&&&
**********************
Polarity time: 0.003781
Preprocess time: 0.000012
Decompose Order: 0.000005
Encoding Graph Time: 0.004942
Elapse Encode time: 3.680737
Is problem UNSAT after encoding: 0
CNF Encode time: 0.000000
SAT Solving time: 209.995768
Result Computed in SAT solver:	SAT
CSOLVER solve time: 213.676518
Param PREPROCESS = 0 	 range=[0,1]
Param ELEMENTOPTSETS = 1 	 range=[0,1]
Param ELEMENTOPT = 0 	 range=[0,1]
Param PROXYVARIABLE = 2 	 range=[1,5]
Received score 213676517632.000000
Mutating 1 settings
&&&&&&&&Mutating&&&&&&&
Param PROXYVARIABLE = 4 	 range=[1,5]
&&&&&&&&&&&&&&&&&&&&&&&
**********************
Polarity time: 0.003945
Preprocess time: 0.000011
Decompose Order: 0.000003
Encoding Graph Time: 0.078411
Elapse Encode time: 0.163838
Is problem UNSAT after encoding: 0
CNF Encode time: 0.000000
SAT Solving time: 164.902978
Result Computed in SAT solver:	SAT
CSOLVER solve time: 165.066828
Param PREPROCESS = 0 	 range=[0,1]
Param ELEMENTOPTSETS = 1 	 range=[0,1]
Param ELEMENTOPT = 1 	 range=[0,1]
Param PROXYVARIABLE = 4 	 range=[1,5]
Received score 165066827531.000000
Mutating 1 settings
&&&&&&&&Mutating&&&&&&&
Param ELEMENTOPT = 0 	 range=[0,1]
&&&&&&&&&&&&&&&&&&&&&&&
**********************
Polarity time: 0.003898
Preprocess time: 0.000011
Decompose Order: 0.000004
Encoding Graph Time: 0.005102
Elapse Encode time: 3.732650
Is problem UNSAT after encoding: 0
CNF Encode time: 0.000000
SAT Solving time: 174.291819
Result Computed in SAT solver:	SAT
CSOLVER solve time: 178.024506
Param PREPROCESS = 0 	 range=[0,1]
Param ELEMENTOPTSETS = 1 	 range=[0,1]
Param ELEMENTOPT = 0 	 range=[0,1]
Param PROXYVARIABLE = 4 	 range=[1,5]
Received score 178024506426.000000
Mutating 1 settings
&&&&&&&&Mutating&&&&&&&
Param ELEMENTOPTSETS = 0 	 range=[0,1]
&&&&&&&&&&&&&&&&&&&&&&&
**********************
Polarity time: 0.003741
Preprocess time: 0.000014
Decompose Order: 0.000004
Encoding Graph Time: 0.005041
Elapse Encode time: 3.693665
Is problem UNSAT after encoding: 0
CNF Encode time: 0.000000
SAT Solving time: 210.357435
Result Computed in SAT solver:	SAT
CSOLVER solve time: 214.051112
Param PREPROCESS = 0 	 range=[0,1]
Param ELEMENTOPTSETS = 0 	 range=[0,1]
Param ELEMENTOPT = 0 	 range=[0,1]
Param PROXYVARIABLE = 4 	 range=[1,5]
Received score 214051112258.000000
Mutating 1 settings
&&&&&&&&Mutating&&&&&&&
Param PREPROCESS = 1 	 range=[0,1]
&&&&&&&&&&&&&&&&&&&&&&&
**********************
Polarity time: 0.003847
Preprocess time: 0.012496
Decompose Order: 0.000008
Encoding Graph Time: 0.005112
Elapse Encode time: 3.687460
Is problem UNSAT after encoding: 0
CNF Encode time: 0.000000
SAT Solving time: 213.431153
Result Computed in SAT solver:	SAT
CSOLVER solve time: 217.118625
Param PREPROCESS = 1 	 range=[0,1]
Param ELEMENTOPTSETS = 0 	 range=[0,1]
Param ELEMENTOPT = 0 	 range=[0,1]
Param PROXYVARIABLE = 4 	 range=[1,5]
Received score 217118624848.000000
Mutating 1 settings
&&&&&&&&Mutating&&&&&&&
Param ELEMENTOPTSETS = 1 	 range=[0,1]
&&&&&&&&&&&&&&&&&&&&&&&
**********************
Polarity time: 0.003863
Preprocess time: 0.012529
Decompose Order: 0.000007
Encoding Graph Time: 0.005267
Elapse Encode time: 3.728645
Is problem UNSAT after encoding: 0
CNF Encode time: 0.000000
SAT Solving time: 176.863374
Result Computed in SAT solver:	SAT
CSOLVER solve time: 180.592032
Param PREPROCESS = 1 	 range=[0,1]
Param ELEMENTOPTSETS = 1 	 range=[0,1]
Param ELEMENTOPT = 0 	 range=[0,1]
Param PROXYVARIABLE = 4 	 range=[1,5]
Received score 180592031883.000000
Mutating 1 settings
&&&&&&&&Mutating&&&&&&&
Param ELEMENTOPTSETS = 0 	 range=[0,1]
&&&&&&&&&&&&&&&&&&&&&&&
**********************
Polarity time: 0.003859
Preprocess time: 0.012417
Decompose Order: 0.000007
Encoding Graph Time: 0.005122
Elapse Encode time: 3.670089
Is problem UNSAT after encoding: 0
CNF Encode time: 0.000000
SAT Solving time: 192.040423
Result Computed in SAT solver:	SAT
CSOLVER solve time: 195.710525
Param PREPROCESS = 1 	 range=[0,1]
Param ELEMENTOPTSETS = 0 	 range=[0,1]
Param ELEMENTOPT = 0 	 range=[0,1]
Param PROXYVARIABLE = 4 	 range=[1,5]
Received score 195710524957.000000
Mutating 1 settings
&&&&&&&&Mutating&&&&&&&
Param PREPROCESS = 0 	 range=[0,1]
&&&&&&&&&&&&&&&&&&&&&&&
**********************
Polarity time: 0.003848
Preprocess time: 0.000014
Decompose Order: 0.000004
Encoding Graph Time: 0.005036
Elapse Encode time: 3.685831
Is problem UNSAT after encoding: 0
CNF Encode time: 0.000000
SAT Solving time: 197.900643
Result Computed in SAT solver:	SAT
CSOLVER solve time: 201.586486
Param PREPROCESS = 0 	 range=[0,1]
Param ELEMENTOPTSETS = 0 	 range=[0,1]
Param ELEMENTOPT = 0 	 range=[0,1]
Param PROXYVARIABLE = 4 	 range=[1,5]
Received score 201586486320.000000
Mutating 1 settings
&&&&&&&&Mutating&&&&&&&
Param ELEMENTOPTSETS = 1 	 range=[0,1]
&&&&&&&&&&&&&&&&&&&&&&&
**********************
Polarity time: 0.003800
Preprocess time: 0.000011
Decompose Order: 0.000004
Encoding Graph Time: 0.005104
Elapse Encode time: 3.653650
Is problem UNSAT after encoding: 0
CNF Encode time: 0.000000
SAT Solving time: 191.699499
Result Computed in SAT solver:	SAT
CSOLVER solve time: 195.353162
Param PREPROCESS = 0 	 range=[0,1]
Param ELEMENTOPTSETS = 1 	 range=[0,1]
Param ELEMENTOPT = 0 	 range=[0,1]
Param PROXYVARIABLE = 4 	 range=[1,5]
Received score 195353162260.000000
Mutating 1 settings
&&&&&&&&Mutating&&&&&&&
Param ELEMENTOPTSETS = 0 	 range=[0,1]
&&&&&&&&&&&&&&&&&&&&&&&
**********************
Polarity time: 0.003814
Preprocess time: 0.000012
Decompose Order: 0.000003
Encoding Graph Time: 0.005189
Elapse Encode time: 3.650501
Is problem UNSAT after encoding: 0
CNF Encode time: 0.000000
SAT Solving time: 201.154915
Result Computed in SAT solver:	SAT
CSOLVER solve time: 204.805428
Param PREPROCESS = 0 	 range=[0,1]
Param ELEMENTOPTSETS = 0 	 range=[0,1]
Param ELEMENTOPT = 0 	 range=[0,1]
Param PROXYVARIABLE = 4 	 range=[1,5]
Received score 204805427968.000000
Mutating 1 settings
&&&&&&&&Mutating&&&&&&&
Param PROXYVARIABLE = 2 	 range=[1,5]
&&&&&&&&&&&&&&&&&&&&&&&
**********************
Polarity time: 0.003763
Preprocess time: 0.000014
Decompose Order: 0.000004
Encoding Graph Time: 0.005082
Elapse Encode time: 3.699244
Is problem UNSAT after encoding: 0
CNF Encode time: 0.000000
SAT Solving time: 200.259792
Result Computed in SAT solver:	SAT
CSOLVER solve time: 203.959052
Param PREPROCESS = 0 	 range=[0,1]
Param ELEMENTOPTSETS = 0 	 range=[0,1]
Param ELEMENTOPT = 0 	 range=[0,1]
Param PROXYVARIABLE = 2 	 range=[1,5]
Received score 203959052436.000000
Mutating 1 settings
&&&&&&&&Mutating&&&&&&&
Param PROXYVARIABLE = 1 	 range=[1,5]
&&&&&&&&&&&&&&&&&&&&&&&
**********************
Polarity time: 0.004775
Preprocess time: 0.000015
Decompose Order: 0.000006
Encoding Graph Time: 0.005933
Elapse Encode time: 3.663216
Is problem UNSAT after encoding: 0
CNF Encode time: 0.000000
SAT Solving time: 191.255302
Result Computed in SAT solver:	SAT
CSOLVER solve time: 194.918530
Param PREPROCESS = 0 	 range=[0,1]
Param ELEMENTOPTSETS = 0 	 range=[0,1]
Param ELEMENTOPT = 0 	 range=[0,1]
Param PROXYVARIABLE = 1 	 range=[1,5]
Received score 194918530006.000000
Mutating 1 settings
&&&&&&&&Mutating&&&&&&&
Param ELEMENTOPTSETS = 1 	 range=[0,1]
&&&&&&&&&&&&&&&&&&&&&&&
**********************
Polarity time: 0.003849
Preprocess time: 0.000013
Decompose Order: 0.000004
Encoding Graph Time: 0.005054
Elapse Encode time: 3.650705
Is problem UNSAT after encoding: 0
CNF Encode time: 0.000000
SAT Solving time: 194.531983
Result Computed in SAT solver:	SAT
CSOLVER solve time: 198.182701
Param PREPROCESS = 0 	 range=[0,1]
Param ELEMENTOPTSETS = 1 	 range=[0,1]
Param ELEMENTOPT = 0 	 range=[0,1]
Param PROXYVARIABLE = 1 	 range=[1,5]
Received score 198182700896.000000
Mutating 1 settings
&&&&&&&&Mutating&&&&&&&
Param ELEMENTOPT = 1 	 range=[0,1]
&&&&&&&&&&&&&&&&&&&&&&&
**********************
Polarity time: 0.003755
Preprocess time: 0.000012
Decompose Order: 0.000004
Encoding Graph Time: 0.077098
Elapse Encode time: 0.163305
Is problem UNSAT after encoding: 0
CNF Encode time: 0.000000
SAT Solving time: 163.264840
Result Computed in SAT solver:	SAT
CSOLVER solve time: 163.428155
Param PREPROCESS = 0 	 range=[0,1]
Param ELEMENTOPTSETS = 1 	 range=[0,1]
Param ELEMENTOPT = 1 	 range=[0,1]
Param PROXYVARIABLE = 1 	 range=[1,5]
Received score 163428155146.000000
Mutating 1 settings
&&&&&&&&Mutating&&&&&&&
Param PREPROCESS = 1 	 range=[0,1]
&&&&&&&&&&&&&&&&&&&&&&&
**********************
Polarity time: 0.003749
Preprocess time: 0.012392
Decompose Order: 0.000007
Encoding Graph Time: 0.078428
Elapse Encode time: 0.176425
Is problem UNSAT after encoding: 0
CNF Encode time: 0.000000
SAT Solving time: 165.949550
Result Computed in SAT solver:	SAT
CSOLVER solve time: 166.125986
Param PREPROCESS = 1 	 range=[0,1]
Param ELEMENTOPTSETS = 1 	 range=[0,1]
Param ELEMENTOPT = 1 	 range=[0,1]
Param PROXYVARIABLE = 1 	 range=[1,5]
Received score 166125986333.000000
Mutating 1 settings
&&&&&&&&Mutating&&&&&&&
Param PREPROCESS = 0 	 range=[0,1]
&&&&&&&&&&&&&&&&&&&&&&&
**********************
Polarity time: 0.003869
Preprocess time: 0.000013
Decompose Order: 0.000004
Encoding Graph Time: 0.076888
Elapse Encode time: 0.162166
Is problem UNSAT after encoding: 0
CNF Encode time: 0.000000
SAT Solving time: 170.109839
Result Computed in SAT solver:	SAT
CSOLVER solve time: 170.272016
Param PREPROCESS = 0 	 range=[0,1]
Param ELEMENTOPTSETS = 1 	 range=[0,1]
Param ELEMENTOPT = 1 	 range=[0,1]
Param PROXYVARIABLE = 1 	 range=[1,5]
Received score 170272015757.000000
Mutating 1 settings
&&&&&&&&Mutating&&&&&&&
Param PROXYVARIABLE = 4 	 range=[1,5]
&&&&&&&&&&&&&&&&&&&&&&&
**********************
Polarity time: 0.004817
Preprocess time: 0.000020
Decompose Order: 0.000004
Encoding Graph Time: 0.078371
Elapse Encode time: 0.164605
Is problem UNSAT after encoding: 0
CNF Encode time: 0.000000
SAT Solving time: 168.438953
Result Computed in SAT solver:	SAT
CSOLVER solve time: 168.603570
Param PREPROCESS = 0 	 range=[0,1]
Param ELEMENTOPTSETS = 1 	 range=[0,1]
Param ELEMENTOPT = 1 	 range=[0,1]
Param PROXYVARIABLE = 4 	 range=[1,5]
Received score 168603569572.000000
Mutating 1 settings
&&&&&&&&Mutating&&&&&&&
Param PREPROCESS = 1 	 range=[0,1]
&&&&&&&&&&&&&&&&&&&&&&&
**********************
Polarity time: 0.003824
Preprocess time: 0.012402
Decompose Order: 0.000008
Encoding Graph Time: 0.076665
Elapse Encode time: 0.182050
Is problem UNSAT after encoding: 0
CNF Encode time: 0.000000
SAT Solving time: 172.658556
Result Computed in SAT solver:	SAT
CSOLVER solve time: 172.840620
Param PREPROCESS = 1 	 range=[0,1]
Param ELEMENTOPTSETS = 1 	 range=[0,1]
Param ELEMENTOPT = 1 	 range=[0,1]
Param PROXYVARIABLE = 4 	 range=[1,5]
Received score 172840619808.000000
Mutating 1 settings
&&&&&&&&Mutating&&&&&&&
Param ELEMENTOPTSETS = 0 	 range=[0,1]
&&&&&&&&&&&&&&&&&&&&&&&
**********************
Polarity time: 0.003732
Preprocess time: 0.012341
Decompose Order: 0.000007
Encoding Graph Time: 0.038782
Elapse Encode time: 1.084408
Is problem UNSAT after encoding: 0
CNF Encode time: 0.000000
SAT Solving time: 196.086515
Result Computed in SAT solver:	SAT
CSOLVER solve time: 197.170934
Param PREPROCESS = 1 	 range=[0,1]
Param ELEMENTOPTSETS = 0 	 range=[0,1]
Param ELEMENTOPT = 1 	 range=[0,1]
Param PROXYVARIABLE = 4 	 range=[1,5]
Received score 197170934389.000000
Mutating 1 settings
&&&&&&&&Mutating&&&&&&&
Param ELEMENTOPT = 0 	 range=[0,1]
&&&&&&&&&&&&&&&&&&&&&&&
**********************
Polarity time: 0.003798
Preprocess time: 0.012459
Decompose Order: 0.000007
Encoding Graph Time: 0.005163
Elapse Encode time: 3.646471
Is problem UNSAT after encoding: 0
CNF Encode time: 0.000000
SAT Solving time: 196.787236
Result Computed in SAT solver:	SAT
CSOLVER solve time: 200.433720
Param PREPROCESS = 1 	 range=[0,1]
Param ELEMENTOPTSETS = 0 	 range=[0,1]
Param ELEMENTOPT = 0 	 range=[0,1]
Param PROXYVARIABLE = 4 	 range=[1,5]
Received score 200433720214.000000
Mutating 1 settings
&&&&&&&&Mutating&&&&&&&
Param PROXYVARIABLE = 2 	 range=[1,5]
&&&&&&&&&&&&&&&&&&&&&&&
**********************
Polarity time: 0.003800
Preprocess time: 0.012387
Decompose Order: 0.000007
Encoding Graph Time: 0.005125
Elapse Encode time: 3.736603
Is problem UNSAT after encoding: 0
CNF Encode time: 0.000000
SAT Solving time: 199.242297
Result Computed in SAT solver:	SAT
CSOLVER solve time: 202.978913
Param PREPROCESS = 1 	 range=[0,1]
Param ELEMENTOPTSETS = 0 	 range=[0,1]
Param ELEMENTOPT = 0 	 range=[0,1]
Param PROXYVARIABLE = 2 	 range=[1,5]
Received score 202978913249.000000
Mutating 1 settings
&&&&&&&&Mutating&&&&&&&
Param PROXYVARIABLE = 1 	 range=[1,5]
&&&&&&&&&&&&&&&&&&&&&&&
**********************
Polarity time: 0.003796
Preprocess time: 0.012289
Decompose Order: 0.000008
Encoding Graph Time: 0.005060
Elapse Encode time: 3.702186
Is problem UNSAT after encoding: 0
CNF Encode time: 0.000000
SAT Solving time: 230.594846
Result Computed in SAT solver:	SAT
CSOLVER solve time: 234.297043
Param PREPROCESS = 1 	 range=[0,1]
Param ELEMENTOPTSETS = 0 	 range=[0,1]
Param ELEMENTOPT = 0 	 range=[0,1]
Param PROXYVARIABLE = 1 	 range=[1,5]
Received score 234297042838.000000
Mutating 1 settings
&&&&&&&&Mutating&&&&&&&
Param PREPROCESS = 0 	 range=[0,1]
&&&&&&&&&&&&&&&&&&&&&&&
**********************
Polarity time: 0.003742
Preprocess time: 0.000014
Decompose Order: 0.000004
Encoding Graph Time: 0.005005
Elapse Encode time: 3.657660
Is problem UNSAT after encoding: 0
CNF Encode time: 0.000000
SAT Solving time: 213.216063
Result Computed in SAT solver:	SAT
CSOLVER solve time: 216.873736
Param PREPROCESS = 0 	 range=[0,1]
Param ELEMENTOPTSETS = 0 	 range=[0,1]
Param ELEMENTOPT = 0 	 range=[0,1]
Param PROXYVARIABLE = 1 	 range=[1,5]
Received score 216873735962.000000
Mutating 1 settings
&&&&&&&&Mutating&&&&&&&
Param ELEMENTOPTSETS = 1 	 range=[0,1]
&&&&&&&&&&&&&&&&&&&&&&&
**********************
Polarity time: 0.003802
Preprocess time: 0.000014
Decompose Order: 0.000004
Encoding Graph Time: 0.005021
Elapse Encode time: 3.666980
Is problem UNSAT after encoding: 0
CNF Encode time: 0.000000
SAT Solving time: 190.150496
Result Computed in SAT solver:	SAT
CSOLVER solve time: 193.817488
Param PREPROCESS = 0 	 range=[0,1]
Param ELEMENTOPTSETS = 1 	 range=[0,1]
Param ELEMENTOPT = 0 	 range=[0,1]
Param PROXYVARIABLE = 1 	 range=[1,5]
Received score 193817487748.000000
Mutating 1 settings
&&&&&&&&Mutating&&&&&&&
Param PREPROCESS = 1 	 range=[0,1]
&&&&&&&&&&&&&&&&&&&&&&&
**********************
Polarity time: 0.003708
Preprocess time: 0.012303
Decompose Order: 0.000007
Encoding Graph Time: 0.005073
Elapse Encode time: 3.691539
Is problem UNSAT after encoding: 0
CNF Encode time: 0.000000
SAT Solving time: 190.448437
Result Computed in SAT solver:	SAT
CSOLVER solve time: 194.139991
Param PREPROCESS = 1 	 range=[0,1]
Param ELEMENTOPTSETS = 1 	 range=[0,1]
Param ELEMENTOPT = 0 	 range=[0,1]
Param PROXYVARIABLE = 1 	 range=[1,5]
Received score 194139990727.000000
Mutating 1 settings
&&&&&&&&Mutating&&&&&&&
Param PROXYVARIABLE = 2 	 range=[1,5]
&&&&&&&&&&&&&&&&&&&&&&&
**********************
Polarity time: 0.003739
Preprocess time: 0.012630
Decompose Order: 0.000007
Encoding Graph Time: 0.005020
Elapse Encode time: 3.672934
Is problem UNSAT after encoding: 0
CNF Encode time: 0.000000
SAT Solving time: 209.209322
Result Computed in SAT solver:	SAT
CSOLVER solve time: 212.882268
Param PREPROCESS = 1 	 range=[0,1]
Param ELEMENTOPTSETS = 1 	 range=[0,1]
Param ELEMENTOPT = 0 	 range=[0,1]
Param PROXYVARIABLE = 2 	 range=[1,5]
Received score 212882267611.000000
Mutating 1 settings
&&&&&&&&Mutating&&&&&&&
Param PROXYVARIABLE = 5 	 range=[1,5]
&&&&&&&&&&&&&&&&&&&&&&&
**********************
Polarity time: 0.003949
Preprocess time: 0.012802
Decompose Order: 0.000008
Encoding Graph Time: 0.005295
Elapse Encode time: 3.687023
Is problem UNSAT after encoding: 0
CNF Encode time: 0.000000
SAT Solving time: 213.265444
Result Computed in SAT solver:	SAT
CSOLVER solve time: 216.952480
Param PREPROCESS = 1 	 range=[0,1]
Param ELEMENTOPTSETS = 1 	 range=[0,1]
Param ELEMENTOPT = 0 	 range=[0,1]
Param PROXYVARIABLE = 5 	 range=[1,5]
Received score 216952479581.000000
Mutating 1 settings
&&&&&&&&Mutating&&&&&&&
Param PROXYVARIABLE = 1 	 range=[1,5]
&&&&&&&&&&&&&&&&&&&&&&&
**********************
Polarity time: 0.003912
Preprocess time: 0.012691
Decompose Order: 0.000007
Encoding Graph Time: 0.005183
Elapse Encode time: 3.664000
Is problem UNSAT after encoding: 0
CNF Encode time: 0.000000
SAT Solving time: 232.840413
Result Computed in SAT solver:	SAT
CSOLVER solve time: 236.504427
Param PREPROCESS = 1 	 range=[0,1]
Param ELEMENTOPTSETS = 1 	 range=[0,1]
Param ELEMENTOPT = 0 	 range=[0,1]
Param PROXYVARIABLE = 1 	 range=[1,5]
Received score 236504426550.000000
Mutating 1 settings
&&&&&&&&Mutating&&&&&&&
Param PROXYVARIABLE = 3 	 range=[1,5]
&&&&&&&&&&&&&&&&&&&&&&&
**********************
Polarity time: 0.003916
Preprocess time: 0.012733
Decompose Order: 0.000007
Encoding Graph Time: 0.005209
Elapse Encode time: 3.735942
Is problem UNSAT after encoding: 0
CNF Encode time: 0.000000
SAT Solving time: 197.100228
Result Computed in SAT solver:	SAT
CSOLVER solve time: 200.836183
Param PREPROCESS = 1 	 range=[0,1]
Param ELEMENTOPTSETS = 1 	 range=[0,1]
Param ELEMENTOPT = 0 	 range=[0,1]
Param PROXYVARIABLE = 3 	 range=[1,5]
Received score 200836183201.000000
Mutating 1 settings
&&&&&&&&Mutating&&&&&&&
Param PROXYVARIABLE = 5 	 range=[1,5]
&&&&&&&&&&&&&&&&&&&&&&&
**********************
Polarity time: 0.003979
Preprocess time: 0.012754
Decompose Order: 0.000008
Encoding Graph Time: 0.005272
Elapse Encode time: 3.688929
Is problem UNSAT after encoding: 0
CNF Encode time: 0.000000
SAT Solving time: 194.572067
Result Computed in SAT solver:	SAT
CSOLVER solve time: 198.261009
Param PREPROCESS = 1 	 range=[0,1]
Param ELEMENTOPTSETS = 1 	 range=[0,1]
Param ELEMENTOPT = 0 	 range=[0,1]
Param PROXYVARIABLE = 5 	 range=[1,5]
Received score 198261009074.000000
Mutating 1 settings
&&&&&&&&Mutating&&&&&&&
Param ELEMENTOPTSETS = 0 	 range=[0,1]
&&&&&&&&&&&&&&&&&&&&&&&
**********************
Polarity time: 0.003906
Preprocess time: 0.012603
Decompose Order: 0.000007
Encoding Graph Time: 0.005185
Elapse Encode time: 3.679947
Is problem UNSAT after encoding: 0
CNF Encode time: 0.000000
SAT Solving time: 195.583452
Result Computed in SAT solver:	SAT
CSOLVER solve time: 199.263412
Param PREPROCESS = 1 	 range=[0,1]
Param ELEMENTOPTSETS = 0 	 range=[0,1]
Param ELEMENTOPT = 0 	 range=[0,1]
Param PROXYVARIABLE = 5 	 range=[1,5]
Received score 199263412053.000000
Mutating 1 settings
&&&&&&&&Mutating&&&&&&&
Param ELEMENTOPTSETS = 0 	 range=[0,1]
&&&&&&&&&&&&&&&&&&&&&&&
**********************
Polarity time: 0.003884
Preprocess time: 0.012608
Decompose Order: 0.000007
Encoding Graph Time: 0.005214
Elapse Encode time: 3.673056
Is problem UNSAT after encoding: 0
CNF Encode time: 0.000000
SAT Solving time: 196.515939
Result Computed in SAT solver:	SAT
CSOLVER solve time: 200.189008
Param PREPROCESS = 1 	 range=[0,1]
Param ELEMENTOPTSETS = 0 	 range=[0,1]
Param ELEMENTOPT = 0 	 range=[0,1]
Param PROXYVARIABLE = 5 	 range=[1,5]
Received score 200189008299.000000
Mutating 1 settings
&&&&&&&&Mutating&&&&&&&
Param ELEMENTOPTSETS = 1 	 range=[0,1]
&&&&&&&&&&&&&&&&&&&&&&&
**********************
Polarity time: 0.004310
Preprocess time: 0.013806
Decompose Order: 0.000008
Encoding Graph Time: 0.005863
Elapse Encode time: 3.672479
Is problem UNSAT after encoding: 0
CNF Encode time: 0.000000
SAT Solving time: 218.462610
Result Computed in SAT solver:	SAT
CSOLVER solve time: 222.135100
Param PREPROCESS = 1 	 range=[0,1]
Param ELEMENTOPTSETS = 1 	 range=[0,1]
Param ELEMENTOPT = 0 	 range=[0,1]
Param PROXYVARIABLE = 5 	 range=[1,5]
Received score 222135099600.000000
Mutating 1 settings
&&&&&&&&Mutating&&&&&&&
Param PROXYVARIABLE = 4 	 range=[1,5]
&&&&&&&&&&&&&&&&&&&&&&&
**********************
Polarity time: 0.003947
Preprocess time: 0.012763
Decompose Order: 0.000007
Encoding Graph Time: 0.005078
Elapse Encode time: 3.672946
Is problem UNSAT after encoding: 0
CNF Encode time: 0.000000
SAT Solving time: 216.175640
Result Computed in SAT solver:	SAT
CSOLVER solve time: 219.848599
Param PREPROCESS = 1 	 range=[0,1]
Param ELEMENTOPTSETS = 0 	 range=[0,1]
Param ELEMENTOPT = 0 	 range=[0,1]
Param PROXYVARIABLE = 4 	 range=[1,5]
Received score 219848599063.000000
Mutating 1 settings
&&&&&&&&Mutating&&&&&&&
Param ELEMENTOPTSETS = 1 	 range=[0,1]
&&&&&&&&&&&&&&&&&&&&&&&
**********************
Polarity time: 0.003876
Preprocess time: 0.012703
Decompose Order: 0.000007
Encoding Graph Time: 0.005016
Elapse Encode time: 3.681634
Is problem UNSAT after encoding: 0
CNF Encode time: 0.000000
SAT Solving time: 189.323384
Result Computed in SAT solver:	SAT
CSOLVER solve time: 193.005032
Param PREPROCESS = 1 	 range=[0,1]
Param ELEMENTOPTSETS = 1 	 range=[0,1]
Param ELEMENTOPT = 0 	 range=[0,1]
Param PROXYVARIABLE = 5 	 range=[1,5]
Received score 193005031629.000000
Mutating 1 settings
&&&&&&&&Mutating&&&&&&&
Param PROXYVARIABLE = 4 	 range=[1,5]
&&&&&&&&&&&&&&&&&&&&&&&
**********************
Polarity time: 0.003947
Preprocess time: 0.012753
Decompose Order: 0.000007
Encoding Graph Time: 0.005069
Elapse Encode time: 3.690430
Is problem UNSAT after encoding: 0
CNF Encode time: 0.000000
SAT Solving time: 213.451942
Result Computed in SAT solver:	SAT
CSOLVER solve time: 217.142385
Param PREPROCESS = 1 	 range=[0,1]
Param ELEMENTOPTSETS = 1 	 range=[0,1]
Param ELEMENTOPT = 0 	 range=[0,1]
Param PROXYVARIABLE = 4 	 range=[1,5]
Received score 217142384630.000000
Mutating 1 settings
&&&&&&&&Mutating&&&&&&&
Param ELEMENTOPT = 1 	 range=[0,1]
&&&&&&&&&&&&&&&&&&&&&&&
**********************
Polarity time: 0.003889
Preprocess time: 0.012737
Decompose Order: 0.000006
Encoding Graph Time: 0.077964
Elapse Encode time: 0.175904
Is problem UNSAT after encoding: 0
CNF Encode time: 0.000000
SAT Solving time: 168.975013
Result Computed in SAT solver:	SAT
CSOLVER solve time: 169.150954
Param PREPROCESS = 1 	 range=[0,1]
Param ELEMENTOPTSETS = 1 	 range=[0,1]
Param ELEMENTOPT = 1 	 range=[0,1]
Param PROXYVARIABLE = 5 	 range=[1,5]
Received score 169150954004.000000
Mutating 1 settings
&&&&&&&&Mutating&&&&&&&
Param PREPROCESS = 0 	 range=[0,1]
&&&&&&&&&&&&&&&&&&&&&&&
**********************
Polarity time: 0.003954
Preprocess time: 0.000011
Decompose Order: 0.000003
Encoding Graph Time: 0.078389
Elapse Encode time: 0.163362
Is problem UNSAT after encoding: 0
CNF Encode time: 0.000000
SAT Solving time: 162.638351
Result Computed in SAT solver:	SAT
CSOLVER solve time: 162.801724
Param PREPROCESS = 0 	 range=[0,1]
Param ELEMENTOPTSETS = 1 	 range=[0,1]
Param ELEMENTOPT = 1 	 range=[0,1]
Param PROXYVARIABLE = 5 	 range=[1,5]
Received score 162801723981.000000
Mutating 1 settings
&&&&&&&&Mutating&&&&&&&
Param PREPROCESS = 1 	 range=[0,1]
&&&&&&&&&&&&&&&&&&&&&&&
**********************
Polarity time: 0.003933
Preprocess time: 0.012814
Decompose Order: 0.000007
Encoding Graph Time: 0.077829
Elapse Encode time: 0.175715
Is problem UNSAT after encoding: 0
CNF Encode time: 0.000000
SAT Solving time: 167.368509
Result Computed in SAT solver:	SAT
CSOLVER solve time: 167.544236
Param PREPROCESS = 1 	 range=[0,1]
Param ELEMENTOPTSETS = 1 	 range=[0,1]
Param ELEMENTOPT = 1 	 range=[0,1]
Param PROXYVARIABLE = 5 	 range=[1,5]
Received score 167544235684.000000
Mutating 1 settings
&&&&&&&&Mutating&&&&&&&
Param ELEMENTOPTSETS = 0 	 range=[0,1]
&&&&&&&&&&&&&&&&&&&&&&&
**********************
Polarity time: 0.003915
Preprocess time: 0.012472
Decompose Order: 0.000008
Encoding Graph Time: 0.038816
Elapse Encode time: 1.084491
Is problem UNSAT after encoding: 0
CNF Encode time: 0.000000
SAT Solving time: 157.594607
Result Computed in SAT solver:	SAT
CSOLVER solve time: 158.679111
Param PREPROCESS = 1 	 range=[0,1]
Param ELEMENTOPTSETS = 0 	 range=[0,1]
Param ELEMENTOPT = 1 	 range=[0,1]
Param PROXYVARIABLE = 5 	 range=[1,5]
Received score 158679110536.000000
Mutating 1 settings
&&&&&&&&Mutating&&&&&&&
Param PROXYVARIABLE = 3 	 range=[1,5]
&&&&&&&&&&&&&&&&&&&&&&&
**********************
Polarity time: 0.003909
Preprocess time: 0.012711
Decompose Order: 0.000007
Encoding Graph Time: 0.039867
Elapse Encode time: 1.087709
Is problem UNSAT after encoding: 0
CNF Encode time: 0.000000
SAT Solving time: 196.644086
Result Computed in SAT solver:	SAT
CSOLVER solve time: 197.731808
Param PREPROCESS = 1 	 range=[0,1]
Param ELEMENTOPTSETS = 0 	 range=[0,1]
Param ELEMENTOPT = 1 	 range=[0,1]
Param PROXYVARIABLE = 3 	 range=[1,5]
Received score 197731807552.000000
Mutating 1 settings
&&&&&&&&Mutating&&&&&&&
Param ELEMENTOPT = 0 	 range=[0,1]
&&&&&&&&&&&&&&&&&&&&&&&
**********************
Polarity time: 0.003935
Preprocess time: 0.012286
Decompose Order: 0.000008
Encoding Graph Time: 0.005066
Elapse Encode time: 3.692239
Is problem UNSAT after encoding: 0
CNF Encode time: 0.000000
SAT Solving time: 212.237224
Result Computed in SAT solver:	SAT
CSOLVER solve time: 215.929477
Param PREPROCESS = 1 	 range=[0,1]
Param ELEMENTOPTSETS = 0 	 range=[0,1]
Param ELEMENTOPT = 0 	 range=[0,1]
Param PROXYVARIABLE = 5 	 range=[1,5]
Received score 215929476801.000000
Mutating 1 settings
&&&&&&&&Mutating&&&&&&&
Param ELEMENTOPTSETS = 1 	 range=[0,1]
&&&&&&&&&&&&&&&&&&&&&&&
**********************
Polarity time: 0.003914
Preprocess time: 0.012774
Decompose Order: 0.000007
Encoding Graph Time: 0.077064
Elapse Encode time: 0.175014
Is problem UNSAT after encoding: 0
CNF Encode time: 0.000000
SAT Solving time: 163.079861
Result Computed in SAT solver:	SAT
CSOLVER solve time: 163.254888
Param PREPROCESS = 1 	 range=[0,1]
Param ELEMENTOPTSETS = 1 	 range=[0,1]
Param ELEMENTOPT = 1 	 range=[0,1]
Param PROXYVARIABLE = 5 	 range=[1,5]
Received score 163254887957.000000
Mutating 1 settings
&&&&&&&&Mutating&&&&&&&
Param ELEMENTOPTSETS = 0 	 range=[0,1]
&&&&&&&&&&&&&&&&&&&&&&&
**********************
Polarity time: 0.003723
Preprocess time: 0.012345
Decompose Order: 0.000007
Encoding Graph Time: 0.038708
Elapse Encode time: 1.086417
Is problem UNSAT after encoding: 0
CNF Encode time: 0.000000
SAT Solving time: 173.854583
Result Computed in SAT solver:	SAT
CSOLVER solve time: 174.941041
Param PREPROCESS = 1 	 range=[0,1]
Param ELEMENTOPTSETS = 0 	 range=[0,1]
Param ELEMENTOPT = 1 	 range=[0,1]
Param PROXYVARIABLE = 5 	 range=[1,5]
Received score 174941041047.000000
Mutating 1 settings
&&&&&&&&Mutating&&&&&&&
Param ELEMENTOPT = 0 	 range=[0,1]
&&&&&&&&&&&&&&&&&&&&&&&
**********************
Polarity time: 0.003894
Preprocess time: 0.012772
Decompose Order: 0.000007
Encoding Graph Time: 0.005053
Elapse Encode time: 3.645309
Is problem UNSAT after encoding: 0
CNF Encode time: 0.000000
SAT Solving time: 193.549004
Result Computed in SAT solver:	SAT
CSOLVER solve time: 197.194326
Param PREPROCESS = 1 	 range=[0,1]
Param ELEMENTOPTSETS = 0 	 range=[0,1]
Param ELEMENTOPT = 0 	 range=[0,1]
Param PROXYVARIABLE = 5 	 range=[1,5]
Received score 197194326176.000000
Mutating 1 settings
&&&&&&&&Mutating&&&&&&&
Param ELEMENTOPT = 1 	 range=[0,1]
&&&&&&&&&&&&&&&&&&&&&&&
**********************
Polarity time: 0.003943
Preprocess time: 0.012657
Decompose Order: 0.000008
Encoding Graph Time: 0.039015
Elapse Encode time: 1.086697
Is problem UNSAT after encoding: 0
CNF Encode time: 0.000000
SAT Solving time: 170.687788
Result Computed in SAT solver:	SAT
CSOLVER solve time: 171.774497
Param PREPROCESS = 1 	 range=[0,1]
Param ELEMENTOPTSETS = 0 	 range=[0,1]
Param ELEMENTOPT = 1 	 range=[0,1]
Param PROXYVARIABLE = 5 	 range=[1,5]
Received score 171774497026.000000
Mutating 1 settings
&&&&&&&&Mutating&&&&&&&
Param PROXYVARIABLE = 4 	 range=[1,5]
&&&&&&&&&&&&&&&&&&&&&&&
**********************
Polarity time: 0.003915
Preprocess time: 0.012660
Decompose Order: 0.000006
Encoding Graph Time: 0.038827
Elapse Encode time: 1.091702
Is problem UNSAT after encoding: 0
CNF Encode time: 0.000000
SAT Solving time: 211.483507
Result Computed in SAT solver:	SAT
CSOLVER solve time: 212.575221
Param PREPROCESS = 1 	 range=[0,1]
Param ELEMENTOPTSETS = 0 	 range=[0,1]
Param ELEMENTOPT = 1 	 range=[0,1]
Param PROXYVARIABLE = 4 	 range=[1,5]
Received score 212575220713.000000
Mutating 1 settings
&&&&&&&&Mutating&&&&&&&
Param PREPROCESS = 0 	 range=[0,1]
&&&&&&&&&&&&&&&&&&&&&&&
**********************
Polarity time: 0.003908
Preprocess time: 0.000011
Decompose Order: 0.000003
Encoding Graph Time: 0.040577
Elapse Encode time: 1.075268
Is problem UNSAT after encoding: 0
CNF Encode time: 0.000000
SAT Solving time: 175.800611
Result Computed in SAT solver:	SAT
CSOLVER solve time: 176.875891
Param PREPROCESS = 0 	 range=[0,1]
Param ELEMENTOPTSETS = 0 	 range=[0,1]
Param ELEMENTOPT = 1 	 range=[0,1]
Param PROXYVARIABLE = 5 	 range=[1,5]
Received score 176875890670.000000
Mutating 1 settings
&&&&&&&&Mutating&&&&&&&
Param PREPROCESS = 1 	 range=[0,1]
&&&&&&&&&&&&&&&&&&&&&&&
**********************
Polarity time: 0.003938
Preprocess time: 0.012794
Decompose Order: 0.000008
Encoding Graph Time: 0.038757
Elapse Encode time: 1.091536
Is problem UNSAT after encoding: 0
CNF Encode time: 0.000000
SAT Solving time: 186.924864
Result Computed in SAT solver:	SAT
CSOLVER solve time: 188.016412
Param PREPROCESS = 1 	 range=[0,1]
Param ELEMENTOPTSETS = 0 	 range=[0,1]
Param ELEMENTOPT = 1 	 range=[0,1]
Param PROXYVARIABLE = 5 	 range=[1,5]
Received score 188016412411.000000
Mutating 1 settings
&&&&&&&&Mutating&&&&&&&
Param ELEMENTOPT = 0 	 range=[0,1]
&&&&&&&&&&&&&&&&&&&&&&&
**********************
Polarity time: 0.003900
Preprocess time: 0.012565
Decompose Order: 0.000007
Encoding Graph Time: 0.005207
Elapse Encode time: 3.682209
Is problem UNSAT after encoding: 0
CNF Encode time: 0.000000
SAT Solving time: 192.647723
Result Computed in SAT solver:	SAT
CSOLVER solve time: 196.329945
Param PREPROCESS = 1 	 range=[0,1]
Param ELEMENTOPTSETS = 0 	 range=[0,1]
Param ELEMENTOPT = 0 	 range=[0,1]
Param PROXYVARIABLE = 5 	 range=[1,5]
Received score 196329945231.000000
Mutating 1 settings
&&&&&&&&Mutating&&&&&&&
Param ELEMENTOPT = 1 	 range=[0,1]
&&&&&&&&&&&&&&&&&&&&&&&
**********************
Polarity time: 0.003941
Preprocess time: 0.012756
Decompose Order: 0.000037
Encoding Graph Time: 0.038824
Elapse Encode time: 1.083426
Is problem UNSAT after encoding: 0
CNF Encode time: 0.000000
SAT Solving time: 179.833990
Result Computed in SAT solver:	SAT
CSOLVER solve time: 180.917429
Param PREPROCESS = 1 	 range=[0,1]
Param ELEMENTOPTSETS = 0 	 range=[0,1]
Param ELEMENTOPT = 1 	 range=[0,1]
Param PROXYVARIABLE = 5 	 range=[1,5]
Received score 180917428919.000000
Mutating 1 settings
&&&&&&&&Mutating&&&&&&&
Param ELEMENTOPTSETS = 1 	 range=[0,1]
&&&&&&&&&&&&&&&&&&&&&&&
**********************
Polarity time: 0.003811
Preprocess time: 0.012519
Decompose Order: 0.000007
Encoding Graph Time: 0.079074
Elapse Encode time: 0.176448
Is problem UNSAT after encoding: 0
CNF Encode time: 0.000000
SAT Solving time: 170.526937
Result Computed in SAT solver:	SAT
CSOLVER solve time: 170.703396
Param PREPROCESS = 1 	 range=[0,1]
Param ELEMENTOPTSETS = 1 	 range=[0,1]
Param ELEMENTOPT = 1 	 range=[0,1]
Param PROXYVARIABLE = 5 	 range=[1,5]
Received score 170703395848.000000
Mutating 1 settings
&&&&&&&&Mutating&&&&&&&
Param ELEMENTOPT = 0 	 range=[0,1]
&&&&&&&&&&&&&&&&&&&&&&&
**********************
Polarity time: 0.003958
Preprocess time: 0.012776
Decompose Order: 0.000007
Encoding Graph Time: 0.005126
Elapse Encode time: 3.666501
Is problem UNSAT after encoding: 0
CNF Encode time: 0.000000
SAT Solving time: 199.348463
Result Computed in SAT solver:	SAT
CSOLVER solve time: 203.014978
Param PREPROCESS = 1 	 range=[0,1]
Param ELEMENTOPTSETS = 1 	 range=[0,1]
Param ELEMENTOPT = 0 	 range=[0,1]
Param PROXYVARIABLE = 5 	 range=[1,5]
Received score 203014977559.000000
Mutating 1 settings
&&&&&&&&Mutating&&&&&&&
Param PREPROCESS = 0 	 range=[0,1]
&&&&&&&&&&&&&&&&&&&&&&&
**********************
Polarity time: 0.003882
Preprocess time: 0.000010
Decompose Order: 0.000003
Encoding Graph Time: 0.077627
Elapse Encode time: 0.162374
Is problem UNSAT after encoding: 0
CNF Encode time: 0.000001
SAT Solving time: 167.578118
Result Computed in SAT solver:	SAT
CSOLVER solve time: 167.740504
Param PREPROCESS = 0 	 range=[0,1]
Param ELEMENTOPTSETS = 1 	 range=[0,1]
Param ELEMENTOPT = 1 	 range=[0,1]
Param PROXYVARIABLE = 5 	 range=[1,5]
Received score 167740503520.000000
Mutating 1 settings
&&&&&&&&Mutating&&&&&&&
Param ELEMENTOPT = 0 	 range=[0,1]
&&&&&&&&&&&&&&&&&&&&&&&
**********************
Polarity time: 0.003840
Preprocess time: 0.000011
Decompose Order: 0.000004
Encoding Graph Time: 0.004883
Elapse Encode time: 3.645558
Is problem UNSAT after encoding: 0
CNF Encode time: 0.000000
SAT Solving time: 202.727908
Result Computed in SAT solver:	SAT
CSOLVER solve time: 206.373478
Param PREPROCESS = 0 	 range=[0,1]
Param ELEMENTOPTSETS = 1 	 range=[0,1]
Param ELEMENTOPT = 0 	 range=[0,1]
Param PROXYVARIABLE = 5 	 range=[1,5]
Received score 206373478044.000000
Mutating 1 settings
&&&&&&&&Mutating&&&&&&&
Param PREPROCESS = 1 	 range=[0,1]
&&&&&&&&&&&&&&&&&&&&&&&
**********************
Polarity time: 0.003943
Preprocess time: 0.012472
Decompose Order: 0.000007
Encoding Graph Time: 0.076030
Elapse Encode time: 0.173739
Is problem UNSAT after encoding: 0
CNF Encode time: 0.000000
SAT Solving time: 164.271451
Result Computed in SAT solver:	SAT
CSOLVER solve time: 164.445200
Param PREPROCESS = 1 	 range=[0,1]
Param ELEMENTOPTSETS = 1 	 range=[0,1]
Param ELEMENTOPT = 1 	 range=[0,1]
Param PROXYVARIABLE = 5 	 range=[1,5]
Received score 164445200208.000000
Mutating 1 settings
&&&&&&&&Mutating&&&&&&&
Param ELEMENTOPT = 0 	 range=[0,1]
&&&&&&&&&&&&&&&&&&&&&&&
**********************
Polarity time: 0.003937
Preprocess time: 0.012865
Decompose Order: 0.000009
Encoding Graph Time: 0.005197
Elapse Encode time: 3.736503
Is problem UNSAT after encoding: 0
CNF Encode time: 0.000000
SAT Solving time: 194.532342
Result Computed in SAT solver:	SAT
CSOLVER solve time: 198.268858
Param PREPROCESS = 1 	 range=[0,1]
Param ELEMENTOPTSETS = 1 	 range=[0,1]
Param ELEMENTOPT = 0 	 range=[0,1]
Param PROXYVARIABLE = 5 	 range=[1,5]
Received score 198268858437.000000
Mutating 1 settings
&&&&&&&&Mutating&&&&&&&
Param ELEMENTOPT = 0 	 range=[0,1]
&&&&&&&&&&&&&&&&&&&&&&&
**********************
Polarity time: 0.003731
Preprocess time: 0.012372
Decompose Order: 0.000007
Encoding Graph Time: 0.005044
Elapse Encode time: 3.673733
Is problem UNSAT after encoding: 0
CNF Encode time: 0.000000
SAT Solving time: 195.935119
Result Computed in SAT solver:	SAT
CSOLVER solve time: 199.608864
Param PREPROCESS = 1 	 range=[0,1]
Param ELEMENTOPTSETS = 1 	 range=[0,1]
Param ELEMENTOPT = 0 	 range=[0,1]
Param PROXYVARIABLE = 5 	 range=[1,5]
Received score 199608864374.000000
Mutating 1 settings
&&&&&&&&Mutating&&&&&&&
Param PREPROCESS = 0 	 range=[0,1]
&&&&&&&&&&&&&&&&&&&&&&&
**********************
Polarity time: 0.003797
Preprocess time: 0.000014
Decompose Order: 0.000005
Encoding Graph Time: 0.005054
Elapse Encode time: 3.657081
Is problem UNSAT after encoding: 0
CNF Encode time: 0.000000
SAT Solving time: 187.706833
Result Computed in SAT solver:	SAT
CSOLVER solve time: 191.363926
Param PREPROCESS = 0 	 range=[0,1]
Param ELEMENTOPTSETS = 1 	 range=[0,1]
Param ELEMENTOPT = 0 	 range=[0,1]
Param PROXYVARIABLE = 5 	 range=[1,5]
Received score 191363925511.000000
Mutating 1 settings
&&&&&&&&Mutating&&&&&&&
Param PROXYVARIABLE = 3 	 range=[1,5]
&&&&&&&&&&&&&&&&&&&&&&&
**********************
Polarity time: 0.003741
Preprocess time: 0.000013
Decompose Order: 0.000004
Encoding Graph Time: 0.005019
Elapse Encode time: 3.656541
Is problem UNSAT after encoding: 0
CNF Encode time: 0.000000
SAT Solving time: 188.132679
Result Computed in SAT solver:	SAT
CSOLVER solve time: 191.789232
Param PREPROCESS = 0 	 range=[0,1]
Param ELEMENTOPTSETS = 1 	 range=[0,1]
Param ELEMENTOPT = 0 	 range=[0,1]
Param PROXYVARIABLE = 3 	 range=[1,5]
Received score 191789231675.000000
Mutating 1 settings
&&&&&&&&Mutating&&&&&&&
Param PROXYVARIABLE = 2 	 range=[1,5]
&&&&&&&&&&&&&&&&&&&&&&&
**********************
Polarity time: 0.003762
Preprocess time: 0.000014
Decompose Order: 0.000004
Encoding Graph Time: 0.005036
Elapse Encode time: 3.622179
Is problem UNSAT after encoding: 0
CNF Encode time: 0.000000
SAT Solving time: 200.267486
Result Computed in SAT solver:	SAT
CSOLVER solve time: 203.889678
Param PREPROCESS = 0 	 range=[0,1]
Param ELEMENTOPTSETS = 1 	 range=[0,1]
Param ELEMENTOPT = 0 	 range=[0,1]
Param PROXYVARIABLE = 2 	 range=[1,5]
Received score 203889677771.000000
Mutating 1 settings
&&&&&&&&Mutating&&&&&&&
Param ELEMENTOPTSETS = 0 	 range=[0,1]
&&&&&&&&&&&&&&&&&&&&&&&
**********************
Polarity time: 0.003778
Preprocess time: 0.000014
Decompose Order: 0.000004
Encoding Graph Time: 0.005054
Elapse Encode time: 3.682708
Is problem UNSAT after encoding: 0
CNF Encode time: 0.000000
SAT Solving time: 176.876994
Result Computed in SAT solver:	SAT
CSOLVER solve time: 180.559715
Param PREPROCESS = 0 	 range=[0,1]
Param ELEMENTOPTSETS = 0 	 range=[0,1]
Param ELEMENTOPT = 0 	 range=[0,1]
Param PROXYVARIABLE = 2 	 range=[1,5]
Received score 180559715113.000000
Mutating 1 settings
&&&&&&&&Mutating&&&&&&&
Param ELEMENTOPT = 1 	 range=[0,1]
&&&&&&&&&&&&&&&&&&&&&&&
**********************
Polarity time: 0.003776
Preprocess time: 0.000014
Decompose Order: 0.000004
Encoding Graph Time: 0.039241
Elapse Encode time: 1.071814
Is problem UNSAT after encoding: 0
CNF Encode time: 0.000000
SAT Solving time: 179.120002
Result Computed in SAT solver:	SAT
CSOLVER solve time: 180.191829
Param PREPROCESS = 0 	 range=[0,1]
Param ELEMENTOPTSETS = 0 	 range=[0,1]
Param ELEMENTOPT = 1 	 range=[0,1]
Param PROXYVARIABLE = 2 	 range=[1,5]
Received score 180191828542.000000
Mutating 1 settings
&&&&&&&&Mutating&&&&&&&
Param PROXYVARIABLE = 3 	 range=[1,5]
&&&&&&&&&&&&&&&&&&&&&&&
**********************
Polarity time: 0.003753
Preprocess time: 0.000014
Decompose Order: 0.000005
Encoding Graph Time: 0.038972
Elapse Encode time: 1.077591
Is problem UNSAT after encoding: 0
CNF Encode time: 0.000000
SAT Solving time: 173.747742
Result Computed in SAT solver:	SAT
CSOLVER solve time: 174.825345
Param PREPROCESS = 0 	 range=[0,1]
Param ELEMENTOPTSETS = 0 	 range=[0,1]
Param ELEMENTOPT = 1 	 range=[0,1]
Param PROXYVARIABLE = 3 	 range=[1,5]
Received score 174825345064.000000
Mutating 1 settings
&&&&&&&&Mutating&&&&&&&
Param PREPROCESS = 1 	 range=[0,1]
&&&&&&&&&&&&&&&&&&&&&&&
**********************
Polarity time: 0.003741
Preprocess time: 0.012412
Decompose Order: 0.000007
Encoding Graph Time: 0.038641
Elapse Encode time: 1.083641
Is problem UNSAT after encoding: 0
CNF Encode time: 0.000000
SAT Solving time: 197.424468
Result Computed in SAT solver:	SAT
CSOLVER solve time: 198.508122
Param PREPROCESS = 1 	 range=[0,1]
Param ELEMENTOPTSETS = 0 	 range=[0,1]
Param ELEMENTOPT = 1 	 range=[0,1]
Param PROXYVARIABLE = 3 	 range=[1,5]
Received score 198508121760.000000
Mutating 1 settings
&&&&&&&&Mutating&&&&&&&
Param ELEMENTOPTSETS = 1 	 range=[0,1]
&&&&&&&&&&&&&&&&&&&&&&&
**********************
Polarity time: 0.003766
Preprocess time: 0.000014
Decompose Order: 0.000004
Encoding Graph Time: 0.077172
Elapse Encode time: 0.162511
Is problem UNSAT after encoding: 0
CNF Encode time: 0.000000
SAT Solving time: 165.982214
Result Computed in SAT solver:	SAT
CSOLVER solve time: 166.144737
Param PREPROCESS = 0 	 range=[0,1]
Param ELEMENTOPTSETS = 1 	 range=[0,1]
Param ELEMENTOPT = 1 	 range=[0,1]
Param PROXYVARIABLE = 3 	 range=[1,5]
Received score 166144736612.000000
Mutating 1 settings
&&&&&&&&Mutating&&&&&&&
Param PROXYVARIABLE = 4 	 range=[1,5]
&&&&&&&&&&&&&&&&&&&&&&&
**********************
Polarity time: 0.003798
Preprocess time: 0.000012
Decompose Order: 0.000004
Encoding Graph Time: 0.078314
Elapse Encode time: 0.163238
Is problem UNSAT after encoding: 0
CNF Encode time: 0.000000
SAT Solving time: 167.105501
Result Computed in SAT solver:	SAT
CSOLVER solve time: 167.268750
Param PREPROCESS = 0 	 range=[0,1]
Param ELEMENTOPTSETS = 1 	 range=[0,1]
Param ELEMENTOPT = 1 	 range=[0,1]
Param PROXYVARIABLE = 4 	 range=[1,5]
Received score 167268749810.000000
Mutating 1 settings
&&&&&&&&Mutating&&&&&&&
Param PREPROCESS = 1 	 range=[0,1]
&&&&&&&&&&&&&&&&&&&&&&&
**********************
Polarity time: 0.003741
Preprocess time: 0.012401
Decompose Order: 0.000006
Encoding Graph Time: 0.076291
Elapse Encode time: 0.178145
Is problem UNSAT after encoding: 0
CNF Encode time: 0.000000
SAT Solving time: 168.574659
Result Computed in SAT solver:	SAT
CSOLVER solve time: 168.752816
Param PREPROCESS = 1 	 range=[0,1]
Param ELEMENTOPTSETS = 1 	 range=[0,1]
Param ELEMENTOPT = 1 	 range=[0,1]
Param PROXYVARIABLE = 4 	 range=[1,5]
Received score 168752815677.000000
Mutating 1 settings
&&&&&&&&Mutating&&&&&&&
Param PREPROCESS = 0 	 range=[0,1]
&&&&&&&&&&&&&&&&&&&&&&&
**********************
Polarity time: 0.003763
Preprocess time: 0.000012
Decompose Order: 0.000005
Encoding Graph Time: 0.076082
Elapse Encode time: 0.160938
Is problem UNSAT after encoding: 0
CNF Encode time: 0.000000
SAT Solving time: 165.394703
Result Computed in SAT solver:	SAT
CSOLVER solve time: 165.555651
Param PREPROCESS = 0 	 range=[0,1]
Param ELEMENTOPTSETS = 1 	 range=[0,1]
Param ELEMENTOPT = 1 	 range=[0,1]
Param PROXYVARIABLE = 4 	 range=[1,5]
Received score 165555651137.000000
Best tuner:
Param PREPROCESS = 0 	 range=[0,1]
Param ELEMENTOPTSETS = 1 	 range=[0,1]
Param ELEMENTOPT = 1 	 range=[0,1]
Param PROXYVARIABLE = 5 	 range=[1,5]
Received score 156357122315.000000
