deserializing ...
**********************
Polarity time: 0.003698
Preprocess time: 0.011524
Decompose Order: 0.000017
Encoding Graph Time: 0.037881
Elapse Encode time: 0.997790
Is problem UNSAT after encoding: 0
CNF Encode time: 0.000001
SAT Solving time: 22.486690
Result Computed in SAT solver:	SAT
CSOLVER solve time: 23.484500
Mutating 1 settings
&&&&&&&&Mutating&&&&&&&
Param ELEMENTOPTSETS = 1 	 range=[0,1]
&&&&&&&&&&&&&&&&&&&&&&&
**********************
Polarity time: 0.004408
Preprocess time: 0.015162
Decompose Order: 0.000007
Encoding Graph Time: 0.075089
Elapse Encode time: 0.170877
Is problem UNSAT after encoding: 0
CNF Encode time: 0.000000
SAT Solving time: 83.681346
Result Computed in SAT solver:	SAT
CSOLVER solve time: 83.852230
Param PREPROCESS = 1 	 range=[0,1]
Param ELEMENTOPTSETS = 1 	 range=[0,1]
Param ELEMENTOPT = 1 	 range=[0,1]
Param PROXYVARIABLE = 1 	 range=[1,5]
Received score 83852230129.000000
Mutating 1 settings
&&&&&&&&Mutating&&&&&&&
Param PREPROCESS = 0 	 range=[0,1]
&&&&&&&&&&&&&&&&&&&&&&&
**********************
Polarity time: 0.004306
Preprocess time: 0.000012
Decompose Order: 0.000003
Encoding Graph Time: 0.041191
Elapse Encode time: 0.993668
Is problem UNSAT after encoding: 0
CNF Encode time: 0.000000
SAT Solving time: 87.561080
Result Computed in SAT solver:	SAT
CSOLVER solve time: 88.554759
Param PREPROCESS = 0 	 range=[0,1]
Param ELEMENTOPTSETS = 0 	 range=[0,1]
Param ELEMENTOPT = 1 	 range=[0,1]
Param PROXYVARIABLE = 1 	 range=[1,5]
Received score 88554759182.000000
Mutating 1 settings
&&&&&&&&Mutating&&&&&&&
Param ELEMENTOPT = 0 	 range=[0,1]
&&&&&&&&&&&&&&&&&&&&&&&
**********************
Polarity time: 0.004242
Preprocess time: 0.014907
Decompose Order: 0.000006
Encoding Graph Time: 0.005495
Elapse Encode time: 3.395448
Is problem UNSAT after encoding: 0
CNF Encode time: 0.000000
SAT Solving time: 59.817873
Result Computed in SAT solver:	SAT
CSOLVER solve time: 63.213332
Param PREPROCESS = 1 	 range=[0,1]
Param ELEMENTOPTSETS = 0 	 range=[0,1]
Param ELEMENTOPT = 0 	 range=[0,1]
Param PROXYVARIABLE = 1 	 range=[1,5]
Received score 63213332241.000000
Mutating 1 settings
&&&&&&&&Mutating&&&&&&&
Param PROXYVARIABLE = 5 	 range=[1,5]
&&&&&&&&&&&&&&&&&&&&&&&
**********************
Polarity time: 0.004321
Preprocess time: 0.015034
Decompose Order: 0.000006
Encoding Graph Time: 0.041278
Elapse Encode time: 1.011671
Is problem UNSAT after encoding: 0
CNF Encode time: 0.000000
SAT Solving time: 89.444982
Result Computed in SAT solver:	SAT
CSOLVER solve time: 90.456664
Param PREPROCESS = 1 	 range=[0,1]
Param ELEMENTOPTSETS = 0 	 range=[0,1]
Param ELEMENTOPT = 1 	 range=[0,1]
Param PROXYVARIABLE = 5 	 range=[1,5]
Received score 90456664442.000000
Mutating 1 settings
&&&&&&&&Mutating&&&&&&&
Param PREPROCESS = 0 	 range=[0,1]
&&&&&&&&&&&&&&&&&&&&&&&
**********************
Polarity time: 0.003616
Preprocess time: 0.000013
Decompose Order: 0.000004
Encoding Graph Time: 0.036958
Elapse Encode time: 0.991289
Is problem UNSAT after encoding: 0
CNF Encode time: 0.000000
SAT Solving time: 30.786825
Result Computed in SAT solver:	SAT
CSOLVER solve time: 31.778125
Param PREPROCESS = 0 	 range=[0,1]
Param ELEMENTOPTSETS = 0 	 range=[0,1]
Param ELEMENTOPT = 1 	 range=[0,1]
Param PROXYVARIABLE = 1 	 range=[1,5]
Received score 31778124877.000000
Mutating 1 settings
&&&&&&&&Mutating&&&&&&&
Param PREPROCESS = 1 	 range=[0,1]
&&&&&&&&&&&&&&&&&&&&&&&
**********************
Polarity time: 0.004231
Preprocess time: 0.014832
Decompose Order: 0.000007
Encoding Graph Time: 0.039483
Elapse Encode time: 1.005092
Is problem UNSAT after encoding: 0
CNF Encode time: 0.000000
SAT Solving time: 31.087874
Result Computed in SAT solver:	SAT
CSOLVER solve time: 32.092977
Param PREPROCESS = 1 	 range=[0,1]
Param ELEMENTOPTSETS = 0 	 range=[0,1]
Param ELEMENTOPT = 1 	 range=[0,1]
Param PROXYVARIABLE = 1 	 range=[1,5]
Received score 32092977155.000000
Mutating 1 settings
&&&&&&&&Mutating&&&&&&&
Param PROXYVARIABLE = 3 	 range=[1,5]
&&&&&&&&&&&&&&&&&&&&&&&
**********************
Polarity time: 0.004257
Preprocess time: 0.014958
Decompose Order: 0.000007
Encoding Graph Time: 0.041401
Elapse Encode time: 1.008422
Is problem UNSAT after encoding: 0
CNF Encode time: 0.000000
SAT Solving time: 30.392583
Result Computed in SAT solver:	SAT
CSOLVER solve time: 31.401015
Param PREPROCESS = 1 	 range=[0,1]
Param ELEMENTOPTSETS = 0 	 range=[0,1]
Param ELEMENTOPT = 1 	 range=[0,1]
Param PROXYVARIABLE = 3 	 range=[1,5]
Received score 31401015378.000000
Mutating 1 settings
&&&&&&&&Mutating&&&&&&&
Param ELEMENTOPT = 0 	 range=[0,1]
&&&&&&&&&&&&&&&&&&&&&&&
**********************
Polarity time: 0.004297
Preprocess time: 0.014887
Decompose Order: 0.000007
Encoding Graph Time: 0.005476
Elapse Encode time: 3.399174
Is problem UNSAT after encoding: 0
CNF Encode time: 0.000000
SAT Solving time: 105.910181
Result Computed in SAT solver:	SAT
CSOLVER solve time: 109.309367
Param PREPROCESS = 1 	 range=[0,1]
Param ELEMENTOPTSETS = 0 	 range=[0,1]
Param ELEMENTOPT = 0 	 range=[0,1]
Param PROXYVARIABLE = 3 	 range=[1,5]
Received score 109309366995.000000
Mutating 1 settings
&&&&&&&&Mutating&&&&&&&
Param PROXYVARIABLE = 5 	 range=[1,5]
&&&&&&&&&&&&&&&&&&&&&&&
**********************
Polarity time: 0.004377
Preprocess time: 0.015036
Decompose Order: 0.000007
Encoding Graph Time: 0.041241
Elapse Encode time: 1.013063
Is problem UNSAT after encoding: 0
CNF Encode time: 0.000000
SAT Solving time: 40.816514
Result Computed in SAT solver:	SAT
CSOLVER solve time: 41.829587
Param PREPROCESS = 1 	 range=[0,1]
Param ELEMENTOPTSETS = 0 	 range=[0,1]
Param ELEMENTOPT = 1 	 range=[0,1]
Param PROXYVARIABLE = 5 	 range=[1,5]
Received score 41829587127.000000
Mutating 1 settings
&&&&&&&&Mutating&&&&&&&
Param ELEMENTOPT = 0 	 range=[0,1]
&&&&&&&&&&&&&&&&&&&&&&&
**********************
Polarity time: 0.004338
Preprocess time: 0.015042
Decompose Order: 0.000006
Encoding Graph Time: 0.005625
Elapse Encode time: 3.407410
Is problem UNSAT after encoding: 0
CNF Encode time: 0.000000
SAT Solving time: 83.632609
Result Computed in SAT solver:	SAT
CSOLVER solve time: 87.040030
Param PREPROCESS = 1 	 range=[0,1]
Param ELEMENTOPTSETS = 0 	 range=[0,1]
Param ELEMENTOPT = 0 	 range=[0,1]
Param PROXYVARIABLE = 5 	 range=[1,5]
Received score 87040029909.000000
Mutating 1 settings
&&&&&&&&Mutating&&&&&&&
Param ELEMENTOPTSETS = 1 	 range=[0,1]
&&&&&&&&&&&&&&&&&&&&&&&
**********************
Polarity time: 0.004251
Preprocess time: 0.014971
Decompose Order: 0.000007
Encoding Graph Time: 0.074759
Elapse Encode time: 0.169985
Is problem UNSAT after encoding: 0
CNF Encode time: 0.000000
SAT Solving time: 83.095377
Result Computed in SAT solver:	SAT
CSOLVER solve time: 83.265372
Param PREPROCESS = 1 	 range=[0,1]
Param ELEMENTOPTSETS = 1 	 range=[0,1]
Param ELEMENTOPT = 1 	 range=[0,1]
Param PROXYVARIABLE = 5 	 range=[1,5]
Received score 83265371895.000000
Mutating 1 settings
&&&&&&&&Mutating&&&&&&&
Param PREPROCESS = 0 	 range=[0,1]
&&&&&&&&&&&&&&&&&&&&&&&
**********************
Polarity time: 0.003756
Preprocess time: 0.000011
Decompose Order: 0.000004
Encoding Graph Time: 0.038465
Elapse Encode time: 0.991921
Is problem UNSAT after encoding: 0
CNF Encode time: 0.000000
SAT Solving time: 41.302063
Result Computed in SAT solver:	SAT
CSOLVER solve time: 42.293995
Param PREPROCESS = 0 	 range=[0,1]
Param ELEMENTOPTSETS = 0 	 range=[0,1]
Param ELEMENTOPT = 1 	 range=[0,1]
Param PROXYVARIABLE = 5 	 range=[1,5]
Received score 42293995203.000000
Mutating 1 settings
&&&&&&&&Mutating&&&&&&&
Param ELEMENTOPTSETS = 1 	 range=[0,1]
&&&&&&&&&&&&&&&&&&&&&&&
**********************
Polarity time: 0.004323
Preprocess time: 0.000015
Decompose Order: 0.000003
Encoding Graph Time: 0.074547
Elapse Encode time: 0.157879
Is problem UNSAT after encoding: 0
CNF Encode time: 0.000000
SAT Solving time: 81.915438
Result Computed in SAT solver:	SAT
CSOLVER solve time: 82.073324
Param PREPROCESS = 0 	 range=[0,1]
Param ELEMENTOPTSETS = 1 	 range=[0,1]
Param ELEMENTOPT = 1 	 range=[0,1]
Param PROXYVARIABLE = 5 	 range=[1,5]
Received score 82073324225.000000
Mutating 1 settings
&&&&&&&&Mutating&&&&&&&
Param PROXYVARIABLE = 1 	 range=[1,5]
&&&&&&&&&&&&&&&&&&&&&&&
**********************
Polarity time: 0.004248
Preprocess time: 0.000014
Decompose Order: 0.000004
Encoding Graph Time: 0.041180
Elapse Encode time: 0.995260
Is problem UNSAT after encoding: 0
CNF Encode time: 0.000000
SAT Solving time: 26.421098
Result Computed in SAT solver:	SAT
CSOLVER solve time: 27.416369
Param PREPROCESS = 0 	 range=[0,1]
Param ELEMENTOPTSETS = 0 	 range=[0,1]
Param ELEMENTOPT = 1 	 range=[0,1]
Param PROXYVARIABLE = 1 	 range=[1,5]
Received score 27416368661.000000
Mutating 1 settings
&&&&&&&&Mutating&&&&&&&
Param ELEMENTOPT = 0 	 range=[0,1]
&&&&&&&&&&&&&&&&&&&&&&&
**********************
Polarity time: 0.004342
Preprocess time: 0.000014
Decompose Order: 0.000003
Encoding Graph Time: 0.005481
Elapse Encode time: 3.371583
Is problem UNSAT after encoding: 0
CNF Encode time: 0.000000
SAT Solving time: 85.153587
Result Computed in SAT solver:	SAT
CSOLVER solve time: 88.525182
Param PREPROCESS = 0 	 range=[0,1]
Param ELEMENTOPTSETS = 0 	 range=[0,1]
Param ELEMENTOPT = 0 	 range=[0,1]
Param PROXYVARIABLE = 1 	 range=[1,5]
Received score 88525181902.000000
Mutating 1 settings
&&&&&&&&Mutating&&&&&&&
Param ELEMENTOPT = 0 	 range=[0,1]
&&&&&&&&&&&&&&&&&&&&&&&
**********************
Polarity time: 0.004275
Preprocess time: 0.000013
Decompose Order: 0.000003
Encoding Graph Time: 0.005308
Elapse Encode time: 3.380358
Is problem UNSAT after encoding: 0
CNF Encode time: 0.000000
SAT Solving time: 87.043549
Result Computed in SAT solver:	SAT
CSOLVER solve time: 90.423918
Param PREPROCESS = 0 	 range=[0,1]
Param ELEMENTOPTSETS = 0 	 range=[0,1]
Param ELEMENTOPT = 0 	 range=[0,1]
Param PROXYVARIABLE = 1 	 range=[1,5]
Received score 90423918219.000000
Mutating 1 settings
&&&&&&&&Mutating&&&&&&&
Param PROXYVARIABLE = 2 	 range=[1,5]
&&&&&&&&&&&&&&&&&&&&&&&
**********************
Polarity time: 0.004281
Preprocess time: 0.000014
Decompose Order: 0.000003
Encoding Graph Time: 0.041230
Elapse Encode time: 0.991263
Is problem UNSAT after encoding: 0
CNF Encode time: 0.000000
SAT Solving time: 52.397527
Result Computed in SAT solver:	SAT
CSOLVER solve time: 53.388801
Param PREPROCESS = 0 	 range=[0,1]
Param ELEMENTOPTSETS = 0 	 range=[0,1]
Param ELEMENTOPT = 1 	 range=[0,1]
Param PROXYVARIABLE = 2 	 range=[1,5]
Received score 53388800680.000000
Mutating 1 settings
&&&&&&&&Mutating&&&&&&&
Param ELEMENTOPTSETS = 1 	 range=[0,1]
&&&&&&&&&&&&&&&&&&&&&&&
**********************
Polarity time: 0.004273
Preprocess time: 0.000013
Decompose Order: 0.000004
Encoding Graph Time: 0.074555
Elapse Encode time: 0.154938
Is problem UNSAT after encoding: 0
CNF Encode time: 0.000000
SAT Solving time: 83.008266
Result Computed in SAT solver:	SAT
CSOLVER solve time: 83.163213
Param PREPROCESS = 0 	 range=[0,1]
Param ELEMENTOPTSETS = 1 	 range=[0,1]
Param ELEMENTOPT = 1 	 range=[0,1]
Param PROXYVARIABLE = 1 	 range=[1,5]
Received score 83163213105.000000
Mutating 1 settings
&&&&&&&&Mutating&&&&&&&
Param PREPROCESS = 1 	 range=[0,1]
&&&&&&&&&&&&&&&&&&&&&&&
**********************
Polarity time: 0.003818
Preprocess time: 0.011169
Decompose Order: 0.000006
Encoding Graph Time: 0.070034
Elapse Encode time: 0.159874
Is problem UNSAT after encoding: 0
CNF Encode time: 0.000000
SAT Solving time: 82.624972
Result Computed in SAT solver:	SAT
CSOLVER solve time: 82.784855
Param PREPROCESS = 1 	 range=[0,1]
Param ELEMENTOPTSETS = 1 	 range=[0,1]
Param ELEMENTOPT = 1 	 range=[0,1]
Param PROXYVARIABLE = 1 	 range=[1,5]
Received score 82784854843.000000
Mutating 1 settings
&&&&&&&&Mutating&&&&&&&
Param ELEMENTOPTSETS = 0 	 range=[0,1]
&&&&&&&&&&&&&&&&&&&&&&&
**********************
Polarity time: 0.004343
Preprocess time: 0.015029
Decompose Order: 0.000007
Encoding Graph Time: 0.041378
Elapse Encode time: 1.007336
Is problem UNSAT after encoding: 0
CNF Encode time: 0.000000
SAT Solving time: 31.199024
Result Computed in SAT solver:	SAT
CSOLVER solve time: 32.206371
Param PREPROCESS = 1 	 range=[0,1]
Param ELEMENTOPTSETS = 0 	 range=[0,1]
Param ELEMENTOPT = 1 	 range=[0,1]
Param PROXYVARIABLE = 1 	 range=[1,5]
Received score 32206370553.000000
Mutating 1 settings
&&&&&&&&Mutating&&&&&&&
Param PREPROCESS = 0 	 range=[0,1]
&&&&&&&&&&&&&&&&&&&&&&&
**********************
Polarity time: 0.004382
Preprocess time: 0.000015
Decompose Order: 0.000003
Encoding Graph Time: 0.041151
Elapse Encode time: 0.993579
Is problem UNSAT after encoding: 0
CNF Encode time: 0.000000
SAT Solving time: 20.294117
Result Computed in SAT solver:	SAT
CSOLVER solve time: 21.287706
Param PREPROCESS = 0 	 range=[0,1]
Param ELEMENTOPTSETS = 0 	 range=[0,1]
Param ELEMENTOPT = 1 	 range=[0,1]
Param PROXYVARIABLE = 1 	 range=[1,5]
Received score 21287706291.000000
Mutating 1 settings
&&&&&&&&Mutating&&&&&&&
Param ELEMENTOPTSETS = 1 	 range=[0,1]
&&&&&&&&&&&&&&&&&&&&&&&
**********************
Polarity time: 0.003636
Preprocess time: 0.000013
Decompose Order: 0.000003
Encoding Graph Time: 0.070066
Elapse Encode time: 0.148509
Is problem UNSAT after encoding: 0
CNF Encode time: 0.000000
SAT Solving time: 83.965949
Result Computed in SAT solver:	SAT
CSOLVER solve time: 84.114467
Param PREPROCESS = 0 	 range=[0,1]
Param ELEMENTOPTSETS = 1 	 range=[0,1]
Param ELEMENTOPT = 1 	 range=[0,1]
Param PROXYVARIABLE = 1 	 range=[1,5]
Received score 84114467261.000000
Mutating 1 settings
&&&&&&&&Mutating&&&&&&&
Param PREPROCESS = 1 	 range=[0,1]
&&&&&&&&&&&&&&&&&&&&&&&
**********************
Polarity time: 0.003609
Preprocess time: 0.011215
Decompose Order: 0.000007
Encoding Graph Time: 0.037147
Elapse Encode time: 0.998892
Is problem UNSAT after encoding: 0
CNF Encode time: 0.000000
SAT Solving time: 30.748693
Result Computed in SAT solver:	SAT
CSOLVER solve time: 31.747596
Param PREPROCESS = 1 	 range=[0,1]
Param ELEMENTOPTSETS = 0 	 range=[0,1]
Param ELEMENTOPT = 1 	 range=[0,1]
Param PROXYVARIABLE = 1 	 range=[1,5]
Received score 31747596132.000000
Mutating 1 settings
&&&&&&&&Mutating&&&&&&&
Param ELEMENTOPTSETS = 1 	 range=[0,1]
&&&&&&&&&&&&&&&&&&&&&&&
**********************
Polarity time: 0.004389
Preprocess time: 0.015054
Decompose Order: 0.000007
Encoding Graph Time: 0.074696
Elapse Encode time: 0.170195
Is problem UNSAT after encoding: 0
CNF Encode time: 0.000000
SAT Solving time: 82.414739
Result Computed in SAT solver:	SAT
CSOLVER solve time: 82.584943
Param PREPROCESS = 1 	 range=[0,1]
Param ELEMENTOPTSETS = 1 	 range=[0,1]
Param ELEMENTOPT = 1 	 range=[0,1]
Param PROXYVARIABLE = 1 	 range=[1,5]
Received score 82584943418.000000
Mutating 1 settings
&&&&&&&&Mutating&&&&&&&
Param ELEMENTOPT = 0 	 range=[0,1]
&&&&&&&&&&&&&&&&&&&&&&&
**********************
Polarity time: 0.004320
Preprocess time: 0.014481
Decompose Order: 0.000007
Encoding Graph Time: 0.004594
Elapse Encode time: 3.396318
Is problem UNSAT after encoding: 0
CNF Encode time: 0.000000
SAT Solving time: 85.187796
Result Computed in SAT solver:	SAT
CSOLVER solve time: 88.584126
Param PREPROCESS = 1 	 range=[0,1]
Param ELEMENTOPTSETS = 0 	 range=[0,1]
Param ELEMENTOPT = 0 	 range=[0,1]
Param PROXYVARIABLE = 1 	 range=[1,5]
Received score 88584125805.000000
Mutating 1 settings
&&&&&&&&Mutating&&&&&&&
Param ELEMENTOPT = 0 	 range=[0,1]
&&&&&&&&&&&&&&&&&&&&&&&
**********************
Polarity time: 0.004375
Preprocess time: 0.015001
Decompose Order: 0.000006
Encoding Graph Time: 0.005633
Elapse Encode time: 3.389372
Is problem UNSAT after encoding: 0
CNF Encode time: 0.000000
SAT Solving time: 87.848146
Result Computed in SAT solver:	SAT
CSOLVER solve time: 91.237530
Param PREPROCESS = 1 	 range=[0,1]
Param ELEMENTOPTSETS = 0 	 range=[0,1]
Param ELEMENTOPT = 0 	 range=[0,1]
Param PROXYVARIABLE = 1 	 range=[1,5]
Received score 91237529526.000000
Mutating 1 settings
&&&&&&&&Mutating&&&&&&&
Param PREPROCESS = 0 	 range=[0,1]
&&&&&&&&&&&&&&&&&&&&&&&
**********************
Polarity time: 0.004391
Preprocess time: 0.000014
Decompose Order: 0.000004
Encoding Graph Time: 0.037852
Elapse Encode time: 0.992423
Is problem UNSAT after encoding: 0
CNF Encode time: 0.000000
SAT Solving time: 61.716614
Result Computed in SAT solver:	SAT
CSOLVER solve time: 62.709048
Param PREPROCESS = 0 	 range=[0,1]
Param ELEMENTOPTSETS = 0 	 range=[0,1]
Param ELEMENTOPT = 1 	 range=[0,1]
Param PROXYVARIABLE = 1 	 range=[1,5]
Received score 62709047878.000000
Mutating 1 settings
&&&&&&&&Mutating&&&&&&&
Param PREPROCESS = 0 	 range=[0,1]
&&&&&&&&&&&&&&&&&&&&&&&
**********************
Polarity time: 0.004286
Preprocess time: 0.000015
Decompose Order: 0.000003
Encoding Graph Time: 0.043198
Elapse Encode time: 0.995987
Is problem UNSAT after encoding: 0
CNF Encode time: 0.000000
SAT Solving time: 5.946959
Result Computed in SAT solver:	SAT
CSOLVER solve time: 6.942956
Param PREPROCESS = 0 	 range=[0,1]
Param ELEMENTOPTSETS = 0 	 range=[0,1]
Param ELEMENTOPT = 1 	 range=[0,1]
Param PROXYVARIABLE = 1 	 range=[1,5]
Received score 6942956251.000000
Mutating 1 settings
&&&&&&&&Mutating&&&&&&&
Param ELEMENTOPT = 0 	 range=[0,1]
&&&&&&&&&&&&&&&&&&&&&&&
**********************
Polarity time: 0.004261
Preprocess time: 0.000013
Decompose Order: 0.000004
Encoding Graph Time: 0.005362
Elapse Encode time: 3.384706
Is problem UNSAT after encoding: 0
CNF Encode time: 0.000000
SAT Solving time: 112.144277
Result Computed in SAT solver:	SAT
CSOLVER solve time: 115.528994
Param PREPROCESS = 0 	 range=[0,1]
Param ELEMENTOPTSETS = 0 	 range=[0,1]
Param ELEMENTOPT = 0 	 range=[0,1]
Param PROXYVARIABLE = 1 	 range=[1,5]
Received score 115528994215.000000
Mutating 1 settings
&&&&&&&&Mutating&&&&&&&
Param PREPROCESS = 1 	 range=[0,1]
&&&&&&&&&&&&&&&&&&&&&&&
**********************
Polarity time: 0.004353
Preprocess time: 0.015062
Decompose Order: 0.000006
Encoding Graph Time: 0.041410
Elapse Encode time: 1.007912
Is problem UNSAT after encoding: 0
CNF Encode time: 0.000000
SAT Solving time: 30.765756
Result Computed in SAT solver:	SAT
CSOLVER solve time: 31.773680
Param PREPROCESS = 1 	 range=[0,1]
Param ELEMENTOPTSETS = 0 	 range=[0,1]
Param ELEMENTOPT = 1 	 range=[0,1]
Param PROXYVARIABLE = 1 	 range=[1,5]
Received score 31773679622.000000
Mutating 1 settings
&&&&&&&&Mutating&&&&&&&
Param PROXYVARIABLE = 2 	 range=[1,5]
&&&&&&&&&&&&&&&&&&&&&&&
**********************
Polarity time: 0.004336
Preprocess time: 0.000013
Decompose Order: 0.000003
Encoding Graph Time: 0.041225
Elapse Encode time: 0.995415
Is problem UNSAT after encoding: 0
CNF Encode time: 0.000000
SAT Solving time: 8.564521
Result Computed in SAT solver:	SAT
CSOLVER solve time: 9.559946
Param PREPROCESS = 0 	 range=[0,1]
Param ELEMENTOPTSETS = 0 	 range=[0,1]
Param ELEMENTOPT = 1 	 range=[0,1]
Param PROXYVARIABLE = 2 	 range=[1,5]
Received score 9559946211.000000
Mutating 1 settings
&&&&&&&&Mutating&&&&&&&
Param ELEMENTOPT = 0 	 range=[0,1]
&&&&&&&&&&&&&&&&&&&&&&&
**********************
Polarity time: 0.004269
Preprocess time: 0.000015
Decompose Order: 0.000003
Encoding Graph Time: 0.005307
Elapse Encode time: 3.382184
Is problem UNSAT after encoding: 0
CNF Encode time: 0.000000
SAT Solving time: 89.076015
Result Computed in SAT solver:	SAT
CSOLVER solve time: 92.458210
Param PREPROCESS = 0 	 range=[0,1]
Param ELEMENTOPTSETS = 0 	 range=[0,1]
Param ELEMENTOPT = 0 	 range=[0,1]
Param PROXYVARIABLE = 2 	 range=[1,5]
Received score 92458209983.000000
Mutating 1 settings
&&&&&&&&Mutating&&&&&&&
Param PROXYVARIABLE = 4 	 range=[1,5]
&&&&&&&&&&&&&&&&&&&&&&&
**********************
Polarity time: 0.003616
Preprocess time: 0.000015
Decompose Order: 0.000004
Encoding Graph Time: 0.037030
Elapse Encode time: 0.988529
Is problem UNSAT after encoding: 0
CNF Encode time: 0.000000
SAT Solving time: 30.816409
Result Computed in SAT solver:	SAT
CSOLVER solve time: 31.804950
Param PREPROCESS = 0 	 range=[0,1]
Param ELEMENTOPTSETS = 0 	 range=[0,1]
Param ELEMENTOPT = 1 	 range=[0,1]
Param PROXYVARIABLE = 4 	 range=[1,5]
Received score 31804949698.000000
Mutating 1 settings
&&&&&&&&Mutating&&&&&&&
Param ELEMENTOPT = 0 	 range=[0,1]
&&&&&&&&&&&&&&&&&&&&&&&
**********************
Polarity time: 0.003637
Preprocess time: 0.000016
Decompose Order: 0.000003
Encoding Graph Time: 0.004500
Elapse Encode time: 3.381605
Is problem UNSAT after encoding: 0
CNF Encode time: 0.000000
SAT Solving time: 105.624640
Result Computed in SAT solver:	SAT
CSOLVER solve time: 109.006257
Param PREPROCESS = 0 	 range=[0,1]
Param ELEMENTOPTSETS = 0 	 range=[0,1]
Param ELEMENTOPT = 0 	 range=[0,1]
Param PROXYVARIABLE = 2 	 range=[1,5]
Received score 109006257268.000000
Mutating 1 settings
&&&&&&&&Mutating&&&&&&&
Param ELEMENTOPTSETS = 1 	 range=[0,1]
&&&&&&&&&&&&&&&&&&&&&&&
**********************
Polarity time: 0.003609
Preprocess time: 0.000015
Decompose Order: 0.000003
Encoding Graph Time: 0.070066
Elapse Encode time: 0.148246
Is problem UNSAT after encoding: 0
CNF Encode time: 0.000000
SAT Solving time: 83.017586
Result Computed in SAT solver:	SAT
CSOLVER solve time: 83.165841
Param PREPROCESS = 0 	 range=[0,1]
Param ELEMENTOPTSETS = 1 	 range=[0,1]
Param ELEMENTOPT = 1 	 range=[0,1]
Param PROXYVARIABLE = 2 	 range=[1,5]
Received score 83165841166.000000
Mutating 1 settings
&&&&&&&&Mutating&&&&&&&
Param PREPROCESS = 1 	 range=[0,1]
&&&&&&&&&&&&&&&&&&&&&&&
**********************
Polarity time: 0.003793
Preprocess time: 0.011294
Decompose Order: 0.000007
Encoding Graph Time: 0.037214
Elapse Encode time: 1.004501
Is problem UNSAT after encoding: 0
CNF Encode time: 0.000000
SAT Solving time: 40.405115
Result Computed in SAT solver:	SAT
CSOLVER solve time: 41.409626
Param PREPROCESS = 1 	 range=[0,1]
Param ELEMENTOPTSETS = 0 	 range=[0,1]
Param ELEMENTOPT = 1 	 range=[0,1]
Param PROXYVARIABLE = 2 	 range=[1,5]
Received score 41409625928.000000
Mutating 1 settings
&&&&&&&&Mutating&&&&&&&
Param ELEMENTOPTSETS = 1 	 range=[0,1]
&&&&&&&&&&&&&&&&&&&&&&&
**********************
Polarity time: 0.003628
Preprocess time: 0.000016
Decompose Order: 0.000004
Encoding Graph Time: 0.070005
Elapse Encode time: 0.148406
Is problem UNSAT after encoding: 0
CNF Encode time: 0.000000
SAT Solving time: 82.673455
Result Computed in SAT solver:	SAT
CSOLVER solve time: 82.821879
Param PREPROCESS = 0 	 range=[0,1]
Param ELEMENTOPTSETS = 1 	 range=[0,1]
Param ELEMENTOPT = 1 	 range=[0,1]
Param PROXYVARIABLE = 2 	 range=[1,5]
Received score 82821878812.000000
Mutating 1 settings
&&&&&&&&Mutating&&&&&&&
Param ELEMENTOPTSETS = 1 	 range=[0,1]
&&&&&&&&&&&&&&&&&&&&&&&
**********************
Polarity time: 0.003589
Preprocess time: 0.000015
Decompose Order: 0.000004
Encoding Graph Time: 0.069845
Elapse Encode time: 0.148089
Is problem UNSAT after encoding: 0
CNF Encode time: 0.000000
SAT Solving time: 82.260363
Result Computed in SAT solver:	SAT
CSOLVER solve time: 82.408461
Param PREPROCESS = 0 	 range=[0,1]
Param ELEMENTOPTSETS = 1 	 range=[0,1]
Param ELEMENTOPT = 1 	 range=[0,1]
Param PROXYVARIABLE = 2 	 range=[1,5]
Received score 82408461414.000000
Mutating 1 settings
&&&&&&&&Mutating&&&&&&&
Param PREPROCESS = 1 	 range=[0,1]
&&&&&&&&&&&&&&&&&&&&&&&
**********************
Polarity time: 0.003662
Preprocess time: 0.011214
Decompose Order: 0.000008
Encoding Graph Time: 0.037162
Elapse Encode time: 1.000221
Is problem UNSAT after encoding: 0
CNF Encode time: 0.000000
SAT Solving time: 63.581372
Result Computed in SAT solver:	SAT
CSOLVER solve time: 64.581604
Param PREPROCESS = 1 	 range=[0,1]
Param ELEMENTOPTSETS = 0 	 range=[0,1]
Param ELEMENTOPT = 1 	 range=[0,1]
Param PROXYVARIABLE = 2 	 range=[1,5]
Received score 64581603603.000000
Mutating 1 settings
&&&&&&&&Mutating&&&&&&&
Param ELEMENTOPTSETS = 1 	 range=[0,1]
&&&&&&&&&&&&&&&&&&&&&&&
**********************
Polarity time: 0.003630
Preprocess time: 0.000014
Decompose Order: 0.000004
Encoding Graph Time: 0.072271
Elapse Encode time: 0.150898
Is problem UNSAT after encoding: 0
CNF Encode time: 0.000000
SAT Solving time: 82.865470
Result Computed in SAT solver:	SAT
CSOLVER solve time: 83.016377
Param PREPROCESS = 0 	 range=[0,1]
Param ELEMENTOPTSETS = 1 	 range=[0,1]
Param ELEMENTOPT = 1 	 range=[0,1]
Param PROXYVARIABLE = 2 	 range=[1,5]
Received score 83016377277.000000
Mutating 1 settings
&&&&&&&&Mutating&&&&&&&
Param ELEMENTOPTSETS = 1 	 range=[0,1]
&&&&&&&&&&&&&&&&&&&&&&&
**********************
Polarity time: 0.003621
Preprocess time: 0.000015
Decompose Order: 0.000004
Encoding Graph Time: 0.069953
Elapse Encode time: 0.148476
Is problem UNSAT after encoding: 0
CNF Encode time: 0.000000
SAT Solving time: 84.333331
Result Computed in SAT solver:	SAT
CSOLVER solve time: 84.481840
Param PREPROCESS = 0 	 range=[0,1]
Param ELEMENTOPTSETS = 1 	 range=[0,1]
Param ELEMENTOPT = 1 	 range=[0,1]
Param PROXYVARIABLE = 2 	 range=[1,5]
Received score 84481839508.000000
Mutating 1 settings
&&&&&&&&Mutating&&&&&&&
Param PROXYVARIABLE = 3 	 range=[1,5]
&&&&&&&&&&&&&&&&&&&&&&&
**********************
Polarity time: 0.003643
Preprocess time: 0.000014
Decompose Order: 0.000003
Encoding Graph Time: 0.036907
Elapse Encode time: 0.985214
Is problem UNSAT after encoding: 0
CNF Encode time: 0.000000
SAT Solving time: 31.198388
Result Computed in SAT solver:	SAT
CSOLVER solve time: 32.183612
Param PREPROCESS = 0 	 range=[0,1]
Param ELEMENTOPTSETS = 0 	 range=[0,1]
Param ELEMENTOPT = 1 	 range=[0,1]
Param PROXYVARIABLE = 3 	 range=[1,5]
Received score 32183612381.000000
Mutating 1 settings
&&&&&&&&Mutating&&&&&&&
Param PROXYVARIABLE = 1 	 range=[1,5]
&&&&&&&&&&&&&&&&&&&&&&&
**********************
Polarity time: 0.003617
Preprocess time: 0.000014
Decompose Order: 0.000003
Encoding Graph Time: 0.037008
Elapse Encode time: 0.990691
Is problem UNSAT after encoding: 0
CNF Encode time: 0.000000
SAT Solving time: 8.581465
Result Computed in SAT solver:	SAT
CSOLVER solve time: 9.572166
Param PREPROCESS = 0 	 range=[0,1]
Param ELEMENTOPTSETS = 0 	 range=[0,1]
Param ELEMENTOPT = 1 	 range=[0,1]
Param PROXYVARIABLE = 1 	 range=[1,5]
Received score 9572165776.000000
Mutating 1 settings
&&&&&&&&Mutating&&&&&&&
Param ELEMENTOPTSETS = 1 	 range=[0,1]
&&&&&&&&&&&&&&&&&&&&&&&
**********************
Polarity time: 0.003619
Preprocess time: 0.000013
Decompose Order: 0.000003
Encoding Graph Time: 0.069792
Elapse Encode time: 0.148374
Is problem UNSAT after encoding: 0
CNF Encode time: 0.000000
SAT Solving time: 82.737560
Result Computed in SAT solver:	SAT
CSOLVER solve time: 82.885944
Param PREPROCESS = 0 	 range=[0,1]
Param ELEMENTOPTSETS = 1 	 range=[0,1]
Param ELEMENTOPT = 1 	 range=[0,1]
Param PROXYVARIABLE = 1 	 range=[1,5]
Received score 82885943714.000000
Mutating 1 settings
&&&&&&&&Mutating&&&&&&&
Param ELEMENTOPT = 0 	 range=[0,1]
&&&&&&&&&&&&&&&&&&&&&&&
**********************
Polarity time: 0.003604
Preprocess time: 0.000013
Decompose Order: 0.000003
Encoding Graph Time: 0.004465
Elapse Encode time: 3.380603
Is problem UNSAT after encoding: 0
CNF Encode time: 0.000000
SAT Solving time: 87.755807
Result Computed in SAT solver:	SAT
CSOLVER solve time: 91.136419
Param PREPROCESS = 0 	 range=[0,1]
Param ELEMENTOPTSETS = 0 	 range=[0,1]
Param ELEMENTOPT = 0 	 range=[0,1]
Param PROXYVARIABLE = 1 	 range=[1,5]
Received score 91136419414.000000
Mutating 1 settings
&&&&&&&&Mutating&&&&&&&
Param PREPROCESS = 1 	 range=[0,1]
&&&&&&&&&&&&&&&&&&&&&&&
**********************
Polarity time: 0.003638
Preprocess time: 0.011222
Decompose Order: 0.000006
Encoding Graph Time: 0.037182
Elapse Encode time: 1.000609
Is problem UNSAT after encoding: 0
CNF Encode time: 0.000000
SAT Solving time: 33.460618
Result Computed in SAT solver:	SAT
CSOLVER solve time: 34.461239
Param PREPROCESS = 1 	 range=[0,1]
Param ELEMENTOPTSETS = 0 	 range=[0,1]
Param ELEMENTOPT = 1 	 range=[0,1]
Param PROXYVARIABLE = 1 	 range=[1,5]
Received score 34461238672.000000
Mutating 1 settings
&&&&&&&&Mutating&&&&&&&
Param PREPROCESS = 1 	 range=[0,1]
&&&&&&&&&&&&&&&&&&&&&&&
**********************
Polarity time: 0.003627
Preprocess time: 0.011277
Decompose Order: 0.000006
Encoding Graph Time: 0.037141
Elapse Encode time: 1.000240
Is problem UNSAT after encoding: 0
CNF Encode time: 0.000000
SAT Solving time: 62.286329
Result Computed in SAT solver:	SAT
CSOLVER solve time: 63.286580
Param PREPROCESS = 1 	 range=[0,1]
Param ELEMENTOPTSETS = 0 	 range=[0,1]
Param ELEMENTOPT = 1 	 range=[0,1]
Param PROXYVARIABLE = 1 	 range=[1,5]
Received score 63286579834.000000
Mutating 1 settings
&&&&&&&&Mutating&&&&&&&
Param PROXYVARIABLE = 4 	 range=[1,5]
&&&&&&&&&&&&&&&&&&&&&&&
**********************
Polarity time: 0.003603
Preprocess time: 0.000013
Decompose Order: 0.000004
Encoding Graph Time: 0.036952
Elapse Encode time: 0.989766
Is problem UNSAT after encoding: 0
CNF Encode time: 0.000000
SAT Solving time: 41.587196
Result Computed in SAT solver:	SAT
CSOLVER solve time: 42.576994
Param PREPROCESS = 0 	 range=[0,1]
Param ELEMENTOPTSETS = 0 	 range=[0,1]
Param ELEMENTOPT = 1 	 range=[0,1]
Param PROXYVARIABLE = 4 	 range=[1,5]
Received score 42576994380.000000
Mutating 1 settings
&&&&&&&&Mutating&&&&&&&
Param PREPROCESS = 1 	 range=[0,1]
&&&&&&&&&&&&&&&&&&&&&&&
**********************
Polarity time: 0.003607
Preprocess time: 0.011245
Decompose Order: 0.000007
Encoding Graph Time: 0.037129
Elapse Encode time: 0.999497
Is problem UNSAT after encoding: 0
CNF Encode time: 0.000000
SAT Solving time: 8.630406
Result Computed in SAT solver:	SAT
CSOLVER solve time: 9.629913
Param PREPROCESS = 1 	 range=[0,1]
Param ELEMENTOPTSETS = 0 	 range=[0,1]
Param ELEMENTOPT = 1 	 range=[0,1]
Param PROXYVARIABLE = 1 	 range=[1,5]
Received score 9629913404.000000
Mutating 1 settings
&&&&&&&&Mutating&&&&&&&
Param ELEMENTOPTSETS = 1 	 range=[0,1]
&&&&&&&&&&&&&&&&&&&&&&&
**********************
Polarity time: 0.003554
Preprocess time: 0.011257
Decompose Order: 0.000006
Encoding Graph Time: 0.070039
Elapse Encode time: 0.159810
Is problem UNSAT after encoding: 0
CNF Encode time: 0.000000
SAT Solving time: 83.135095
Result Computed in SAT solver:	SAT
CSOLVER solve time: 83.294914
Param PREPROCESS = 1 	 range=[0,1]
Param ELEMENTOPTSETS = 1 	 range=[0,1]
Param ELEMENTOPT = 1 	 range=[0,1]
Param PROXYVARIABLE = 1 	 range=[1,5]
Received score 83294914257.000000
Mutating 1 settings
&&&&&&&&Mutating&&&&&&&
Param ELEMENTOPT = 0 	 range=[0,1]
&&&&&&&&&&&&&&&&&&&&&&&
**********************
Polarity time: 0.003584
Preprocess time: 0.011227
Decompose Order: 0.000007
Encoding Graph Time: 0.004614
Elapse Encode time: 3.385892
Is problem UNSAT after encoding: 0
CNF Encode time: 0.000000
SAT Solving time: 49.465540
Result Computed in SAT solver:	SAT
CSOLVER solve time: 52.851444
Param PREPROCESS = 1 	 range=[0,1]
Param ELEMENTOPTSETS = 0 	 range=[0,1]
Param ELEMENTOPT = 0 	 range=[0,1]
Param PROXYVARIABLE = 1 	 range=[1,5]
Received score 52851443742.000000
Mutating 1 settings
&&&&&&&&Mutating&&&&&&&
Param PROXYVARIABLE = 3 	 range=[1,5]
&&&&&&&&&&&&&&&&&&&&&&&
**********************
Polarity time: 0.003613
Preprocess time: 0.011217
Decompose Order: 0.000006
Encoding Graph Time: 0.037257
Elapse Encode time: 1.000259
Is problem UNSAT after encoding: 0
CNF Encode time: 0.000000
SAT Solving time: 30.583907
Result Computed in SAT solver:	SAT
CSOLVER solve time: 31.584177
Param PREPROCESS = 1 	 range=[0,1]
Param ELEMENTOPTSETS = 0 	 range=[0,1]
Param ELEMENTOPT = 1 	 range=[0,1]
Param PROXYVARIABLE = 3 	 range=[1,5]
Received score 31584177331.000000
Mutating 1 settings
&&&&&&&&Mutating&&&&&&&
Param PROXYVARIABLE = 2 	 range=[1,5]
&&&&&&&&&&&&&&&&&&&&&&&
**********************
Polarity time: 0.003614
Preprocess time: 0.011239
Decompose Order: 0.000006
Encoding Graph Time: 0.037056
Elapse Encode time: 0.997787
Is problem UNSAT after encoding: 0
CNF Encode time: 0.000000
SAT Solving time: 20.157703
Result Computed in SAT solver:	SAT
CSOLVER solve time: 21.155500
Param PREPROCESS = 1 	 range=[0,1]
Param ELEMENTOPTSETS = 0 	 range=[0,1]
Param ELEMENTOPT = 1 	 range=[0,1]
Param PROXYVARIABLE = 2 	 range=[1,5]
Received score 21155500433.000000
Mutating 1 settings
&&&&&&&&Mutating&&&&&&&
Param PREPROCESS = 0 	 range=[0,1]
&&&&&&&&&&&&&&&&&&&&&&&
**********************
Polarity time: 0.003621
Preprocess time: 0.000013
Decompose Order: 0.000004
Encoding Graph Time: 0.036958
Elapse Encode time: 0.988231
Is problem UNSAT after encoding: 0
CNF Encode time: 0.000000
SAT Solving time: 8.732493
Result Computed in SAT solver:	SAT
CSOLVER solve time: 9.720734
Param PREPROCESS = 0 	 range=[0,1]
Param ELEMENTOPTSETS = 0 	 range=[0,1]
Param ELEMENTOPT = 1 	 range=[0,1]
Param PROXYVARIABLE = 2 	 range=[1,5]
Received score 9720733973.000000
Mutating 1 settings
&&&&&&&&Mutating&&&&&&&
Param ELEMENTOPTSETS = 1 	 range=[0,1]
&&&&&&&&&&&&&&&&&&&&&&&
**********************
Polarity time: 0.003620
Preprocess time: 0.000015
Decompose Order: 0.000029
Encoding Graph Time: 0.069906
Elapse Encode time: 0.148470
Is problem UNSAT after encoding: 0
CNF Encode time: 0.000000
SAT Solving time: 82.287290
Result Computed in SAT solver:	SAT
CSOLVER solve time: 82.435769
Param PREPROCESS = 0 	 range=[0,1]
Param ELEMENTOPTSETS = 1 	 range=[0,1]
Param ELEMENTOPT = 1 	 range=[0,1]
Param PROXYVARIABLE = 2 	 range=[1,5]
Received score 82435769331.000000
Mutating 1 settings
&&&&&&&&Mutating&&&&&&&
Param PREPROCESS = 1 	 range=[0,1]
&&&&&&&&&&&&&&&&&&&&&&&
**********************
Polarity time: 0.003585
Preprocess time: 0.011204
Decompose Order: 0.000007
Encoding Graph Time: 0.037049
Elapse Encode time: 0.997449
Is problem UNSAT after encoding: 0
CNF Encode time: 0.000000
SAT Solving time: 33.548497
Result Computed in SAT solver:	SAT
CSOLVER solve time: 34.545956
Param PREPROCESS = 1 	 range=[0,1]
Param ELEMENTOPTSETS = 0 	 range=[0,1]
Param ELEMENTOPT = 1 	 range=[0,1]
Param PROXYVARIABLE = 2 	 range=[1,5]
Received score 34545955994.000000
Mutating 1 settings
&&&&&&&&Mutating&&&&&&&
Param PROXYVARIABLE = 1 	 range=[1,5]
&&&&&&&&&&&&&&&&&&&&&&&
**********************
Polarity time: 0.003584
Preprocess time: 0.011194
Decompose Order: 0.000006
Encoding Graph Time: 0.037103
Elapse Encode time: 0.996823
Is problem UNSAT after encoding: 0
CNF Encode time: 0.000000
SAT Solving time: 68.995219
Result Computed in SAT solver:	SAT
CSOLVER solve time: 69.992053
Param PREPROCESS = 1 	 range=[0,1]
Param ELEMENTOPTSETS = 0 	 range=[0,1]
Param ELEMENTOPT = 1 	 range=[0,1]
Param PROXYVARIABLE = 1 	 range=[1,5]
Received score 69992053363.000000
Mutating 1 settings
&&&&&&&&Mutating&&&&&&&
Param PROXYVARIABLE = 5 	 range=[1,5]
&&&&&&&&&&&&&&&&&&&&&&&
**********************
Polarity time: 0.003595
Preprocess time: 0.011199
Decompose Order: 0.000006
Encoding Graph Time: 0.037157
Elapse Encode time: 0.998137
Is problem UNSAT after encoding: 0
CNF Encode time: 0.000000
SAT Solving time: 41.424740
Result Computed in SAT solver:	SAT
CSOLVER solve time: 42.422888
Param PREPROCESS = 1 	 range=[0,1]
Param ELEMENTOPTSETS = 0 	 range=[0,1]
Param ELEMENTOPT = 1 	 range=[0,1]
Param PROXYVARIABLE = 5 	 range=[1,5]
Received score 42422888244.000000
Mutating 1 settings
&&&&&&&&Mutating&&&&&&&
Param PROXYVARIABLE = 1 	 range=[1,5]
&&&&&&&&&&&&&&&&&&&&&&&
**********************
Polarity time: 0.004368
Preprocess time: 0.015122
Decompose Order: 0.000006
Encoding Graph Time: 0.041379
Elapse Encode time: 1.006678
Is problem UNSAT after encoding: 0
CNF Encode time: 0.000000
SAT Solving time: 33.812083
Result Computed in SAT solver:	SAT
CSOLVER solve time: 34.818771
Param PREPROCESS = 1 	 range=[0,1]
Param ELEMENTOPTSETS = 0 	 range=[0,1]
Param ELEMENTOPT = 1 	 range=[0,1]
Param PROXYVARIABLE = 1 	 range=[1,5]
Received score 34818770810.000000
Mutating 1 settings
&&&&&&&&Mutating&&&&&&&
Param PROXYVARIABLE = 3 	 range=[1,5]
&&&&&&&&&&&&&&&&&&&&&&&
**********************
Polarity time: 0.003610
Preprocess time: 0.011172
Decompose Order: 0.000007
Encoding Graph Time: 0.037203
Elapse Encode time: 0.997866
Is problem UNSAT after encoding: 0
CNF Encode time: 0.000000
SAT Solving time: 27.557825
Result Computed in SAT solver:	SAT
CSOLVER solve time: 28.555701
Param PREPROCESS = 1 	 range=[0,1]
Param ELEMENTOPTSETS = 0 	 range=[0,1]
Param ELEMENTOPT = 1 	 range=[0,1]
Param PROXYVARIABLE = 3 	 range=[1,5]
Received score 28555701251.000000
Mutating 1 settings
&&&&&&&&Mutating&&&&&&&
Param PROXYVARIABLE = 5 	 range=[1,5]
&&&&&&&&&&&&&&&&&&&&&&&
**********************
Polarity time: 0.004360
Preprocess time: 0.015019
Decompose Order: 0.000006
Encoding Graph Time: 0.038774
Elapse Encode time: 1.004089
Is problem UNSAT after encoding: 0
CNF Encode time: 0.000000
SAT Solving time: 63.353451
Result Computed in SAT solver:	SAT
CSOLVER solve time: 64.357551
Param PREPROCESS = 1 	 range=[0,1]
Param ELEMENTOPTSETS = 0 	 range=[0,1]
Param ELEMENTOPT = 1 	 range=[0,1]
Param PROXYVARIABLE = 5 	 range=[1,5]
Received score 64357550500.000000
Mutating 1 settings
&&&&&&&&Mutating&&&&&&&
Param ELEMENTOPTSETS = 1 	 range=[0,1]
&&&&&&&&&&&&&&&&&&&&&&&
**********************
Polarity time: 0.004250
Preprocess time: 0.014777
Decompose Order: 0.000006
Encoding Graph Time: 0.074700
Elapse Encode time: 0.169764
Is problem UNSAT after encoding: 0
CNF Encode time: 0.000000
SAT Solving time: 86.908366
Result Computed in SAT solver:	SAT
CSOLVER solve time: 87.078139
Param PREPROCESS = 1 	 range=[0,1]
Param ELEMENTOPTSETS = 1 	 range=[0,1]
Param ELEMENTOPT = 1 	 range=[0,1]
Param PROXYVARIABLE = 3 	 range=[1,5]
Received score 87078139342.000000
Mutating 1 settings
&&&&&&&&Mutating&&&&&&&
Param ELEMENTOPTSETS = 1 	 range=[0,1]
&&&&&&&&&&&&&&&&&&&&&&&
**********************
Polarity time: 0.004352
Preprocess time: 0.014943
Decompose Order: 0.000006
Encoding Graph Time: 0.074774
Elapse Encode time: 0.169911
Is problem UNSAT after encoding: 0
CNF Encode time: 0.000000
SAT Solving time: 86.319313
Result Computed in SAT solver:	SAT
CSOLVER solve time: 86.489234
Param PREPROCESS = 1 	 range=[0,1]
Param ELEMENTOPTSETS = 1 	 range=[0,1]
Param ELEMENTOPT = 1 	 range=[0,1]
Param PROXYVARIABLE = 3 	 range=[1,5]
Received score 86489233627.000000
Mutating 1 settings
&&&&&&&&Mutating&&&&&&&
Param ELEMENTOPTSETS = 1 	 range=[0,1]
&&&&&&&&&&&&&&&&&&&&&&&
**********************
Polarity time: 0.003597
Preprocess time: 0.011123
Decompose Order: 0.000007
Encoding Graph Time: 0.070011
Elapse Encode time: 0.159512
Is problem UNSAT after encoding: 0
CNF Encode time: 0.000000
SAT Solving time: 82.454700
Result Computed in SAT solver:	SAT
CSOLVER solve time: 82.614221
Param PREPROCESS = 1 	 range=[0,1]
Param ELEMENTOPTSETS = 1 	 range=[0,1]
Param ELEMENTOPT = 1 	 range=[0,1]
Param PROXYVARIABLE = 3 	 range=[1,5]
Received score 82614221500.000000
Mutating 1 settings
&&&&&&&&Mutating&&&&&&&
Param PROXYVARIABLE = 5 	 range=[1,5]
&&&&&&&&&&&&&&&&&&&&&&&
**********************
Polarity time: 0.003651
Preprocess time: 0.011092
Decompose Order: 0.000006
Encoding Graph Time: 0.037092
Elapse Encode time: 1.000286
Is problem UNSAT after encoding: 0
CNF Encode time: 0.000000
SAT Solving time: 71.853457
Result Computed in SAT solver:	SAT
CSOLVER solve time: 72.853754
Param PREPROCESS = 1 	 range=[0,1]
Param ELEMENTOPTSETS = 0 	 range=[0,1]
Param ELEMENTOPT = 1 	 range=[0,1]
Param PROXYVARIABLE = 5 	 range=[1,5]
Received score 72853753763.000000
Mutating 1 settings
&&&&&&&&Mutating&&&&&&&
Param ELEMENTOPTSETS = 1 	 range=[0,1]
&&&&&&&&&&&&&&&&&&&&&&&
**********************
Polarity time: 0.003643
Preprocess time: 0.011101
Decompose Order: 0.000006
Encoding Graph Time: 0.070230
Elapse Encode time: 0.159777
Is problem UNSAT after encoding: 0
CNF Encode time: 0.000000
SAT Solving time: 84.719625
Result Computed in SAT solver:	SAT
CSOLVER solve time: 84.879412
Param PREPROCESS = 1 	 range=[0,1]
Param ELEMENTOPTSETS = 1 	 range=[0,1]
Param ELEMENTOPT = 1 	 range=[0,1]
Param PROXYVARIABLE = 3 	 range=[1,5]
Received score 84879411582.000000
Mutating 1 settings
&&&&&&&&Mutating&&&&&&&
Param PROXYVARIABLE = 5 	 range=[1,5]
&&&&&&&&&&&&&&&&&&&&&&&
**********************
Polarity time: 0.003634
Preprocess time: 0.011164
Decompose Order: 0.000007
Encoding Graph Time: 0.037201
Elapse Encode time: 0.997829
Is problem UNSAT after encoding: 0
CNF Encode time: 0.000000
SAT Solving time: 51.114738
Result Computed in SAT solver:	SAT
CSOLVER solve time: 52.112578
Param PREPROCESS = 1 	 range=[0,1]
Param ELEMENTOPTSETS = 0 	 range=[0,1]
Param ELEMENTOPT = 1 	 range=[0,1]
Param PROXYVARIABLE = 5 	 range=[1,5]
Received score 52112578141.000000
Mutating 1 settings
&&&&&&&&Mutating&&&&&&&
Param ELEMENTOPT = 0 	 range=[0,1]
&&&&&&&&&&&&&&&&&&&&&&&
**********************
Polarity time: 0.003674
Preprocess time: 0.011182
Decompose Order: 0.000007
Encoding Graph Time: 0.004689
Elapse Encode time: 3.383206
Is problem UNSAT after encoding: 0
CNF Encode time: 0.000000
SAT Solving time: 114.611367
Result Computed in SAT solver:	SAT
CSOLVER solve time: 117.994583
Param PREPROCESS = 1 	 range=[0,1]
Param ELEMENTOPTSETS = 0 	 range=[0,1]
Param ELEMENTOPT = 0 	 range=[0,1]
Param PROXYVARIABLE = 3 	 range=[1,5]
Received score 117994582967.000000
Mutating 1 settings
&&&&&&&&Mutating&&&&&&&
Param PREPROCESS = 0 	 range=[0,1]
&&&&&&&&&&&&&&&&&&&&&&&
**********************
Polarity time: 0.003620
Preprocess time: 0.000014
Decompose Order: 0.000004
Encoding Graph Time: 0.036837
Elapse Encode time: 0.985972
Is problem UNSAT after encoding: 0
CNF Encode time: 0.000000
SAT Solving time: 46.478543
Result Computed in SAT solver:	SAT
CSOLVER solve time: 47.464525
Param PREPROCESS = 0 	 range=[0,1]
Param ELEMENTOPTSETS = 0 	 range=[0,1]
Param ELEMENTOPT = 1 	 range=[0,1]
Param PROXYVARIABLE = 3 	 range=[1,5]
Received score 47464524931.000000
Mutating 1 settings
&&&&&&&&Mutating&&&&&&&
Param PREPROCESS = 0 	 range=[0,1]
&&&&&&&&&&&&&&&&&&&&&&&
**********************
Polarity time: 0.003605
Preprocess time: 0.000016
Decompose Order: 0.000003
Encoding Graph Time: 0.036873
Elapse Encode time: 0.986315
Is problem UNSAT after encoding: 0
CNF Encode time: 0.000000
SAT Solving time: 40.200536
Result Computed in SAT solver:	SAT
CSOLVER solve time: 41.186862
Param PREPROCESS = 0 	 range=[0,1]
Param ELEMENTOPTSETS = 0 	 range=[0,1]
Param ELEMENTOPT = 1 	 range=[0,1]
Param PROXYVARIABLE = 3 	 range=[1,5]
Received score 41186862150.000000
Mutating 1 settings
&&&&&&&&Mutating&&&&&&&
Param ELEMENTOPTSETS = 1 	 range=[0,1]
&&&&&&&&&&&&&&&&&&&&&&&
**********************
Polarity time: 0.003663
Preprocess time: 0.011276
Decompose Order: 0.000007
Encoding Graph Time: 0.070148
Elapse Encode time: 0.159843
Is problem UNSAT after encoding: 0
CNF Encode time: 0.000000
SAT Solving time: 82.375232
Result Computed in SAT solver:	SAT
CSOLVER solve time: 82.535086
Param PREPROCESS = 1 	 range=[0,1]
Param ELEMENTOPTSETS = 1 	 range=[0,1]
Param ELEMENTOPT = 1 	 range=[0,1]
Param PROXYVARIABLE = 3 	 range=[1,5]
Received score 82535085668.000000
Mutating 1 settings
&&&&&&&&Mutating&&&&&&&
Param PROXYVARIABLE = 4 	 range=[1,5]
&&&&&&&&&&&&&&&&&&&&&&&
**********************
Polarity time: 0.003602
Preprocess time: 0.011101
Decompose Order: 0.000006
Encoding Graph Time: 0.037077
Elapse Encode time: 0.999875
Is problem UNSAT after encoding: 0
CNF Encode time: 0.000000
SAT Solving time: 14.009753
Result Computed in SAT solver:	SAT
CSOLVER solve time: 15.009639
Param PREPROCESS = 1 	 range=[0,1]
Param ELEMENTOPTSETS = 0 	 range=[0,1]
Param ELEMENTOPT = 1 	 range=[0,1]
Param PROXYVARIABLE = 4 	 range=[1,5]
Received score 15009639361.000000
Mutating 1 settings
&&&&&&&&Mutating&&&&&&&
Param ELEMENTOPT = 0 	 range=[0,1]
&&&&&&&&&&&&&&&&&&&&&&&
**********************
Polarity time: 0.003622
Preprocess time: 0.011201
Decompose Order: 0.000006
Encoding Graph Time: 0.004631
Elapse Encode time: 3.384540
Is problem UNSAT after encoding: 0
CNF Encode time: 0.000000
SAT Solving time: 75.543617
Result Computed in SAT solver:	SAT
CSOLVER solve time: 78.928167
Param PREPROCESS = 1 	 range=[0,1]
Param ELEMENTOPTSETS = 0 	 range=[0,1]
Param ELEMENTOPT = 0 	 range=[0,1]
Param PROXYVARIABLE = 4 	 range=[1,5]
Received score 78928166995.000000
Mutating 1 settings
&&&&&&&&Mutating&&&&&&&
Param ELEMENTOPTSETS = 1 	 range=[0,1]
&&&&&&&&&&&&&&&&&&&&&&&
**********************
Polarity time: 0.003579
Preprocess time: 0.011312
Decompose Order: 0.000008
Encoding Graph Time: 0.070124
Elapse Encode time: 0.159894
Is problem UNSAT after encoding: 0
CNF Encode time: 0.000000
SAT Solving time: 82.061831
Result Computed in SAT solver:	SAT
CSOLVER solve time: 82.221734
Param PREPROCESS = 1 	 range=[0,1]
Param ELEMENTOPTSETS = 1 	 range=[0,1]
Param ELEMENTOPT = 1 	 range=[0,1]
Param PROXYVARIABLE = 4 	 range=[1,5]
Received score 82221734235.000000
Mutating 1 settings
&&&&&&&&Mutating&&&&&&&
Param ELEMENTOPTSETS = 1 	 range=[0,1]
&&&&&&&&&&&&&&&&&&&&&&&
**********************
Polarity time: 0.003551
Preprocess time: 0.011259
Decompose Order: 0.000007
Encoding Graph Time: 0.070051
Elapse Encode time: 0.159558
Is problem UNSAT after encoding: 0
CNF Encode time: 0.000000
SAT Solving time: 82.256872
Result Computed in SAT solver:	SAT
CSOLVER solve time: 82.416439
Param PREPROCESS = 1 	 range=[0,1]
Param ELEMENTOPTSETS = 1 	 range=[0,1]
Param ELEMENTOPT = 1 	 range=[0,1]
Param PROXYVARIABLE = 4 	 range=[1,5]
Received score 82416439048.000000
Mutating 1 settings
&&&&&&&&Mutating&&&&&&&
Param ELEMENTOPT = 0 	 range=[0,1]
&&&&&&&&&&&&&&&&&&&&&&&
**********************
Polarity time: 0.003593
Preprocess time: 0.011235
Decompose Order: 0.000007
Encoding Graph Time: 0.004582
Elapse Encode time: 3.389657
Is problem UNSAT after encoding: 0
CNF Encode time: 0.000000
SAT Solving time: 16.307972
Result Computed in SAT solver:	SAT
CSOLVER solve time: 19.697641
Param PREPROCESS = 1 	 range=[0,1]
Param ELEMENTOPTSETS = 0 	 range=[0,1]
Param ELEMENTOPT = 0 	 range=[0,1]
Param PROXYVARIABLE = 4 	 range=[1,5]
Received score 19697640893.000000
Mutating 1 settings
&&&&&&&&Mutating&&&&&&&
Param ELEMENTOPT = 0 	 range=[0,1]
&&&&&&&&&&&&&&&&&&&&&&&
**********************
Polarity time: 0.003576
Preprocess time: 0.011259
Decompose Order: 0.000006
Encoding Graph Time: 0.004639
Elapse Encode time: 3.385306
Is problem UNSAT after encoding: 0
CNF Encode time: 0.000000
SAT Solving time: 16.035999
Result Computed in SAT solver:	SAT
CSOLVER solve time: 19.421316
Param PREPROCESS = 1 	 range=[0,1]
Param ELEMENTOPTSETS = 0 	 range=[0,1]
Param ELEMENTOPT = 0 	 range=[0,1]
Param PROXYVARIABLE = 4 	 range=[1,5]
Received score 19421316493.000000
Mutating 1 settings
&&&&&&&&Mutating&&&&&&&
Param PROXYVARIABLE = 5 	 range=[1,5]
&&&&&&&&&&&&&&&&&&&&&&&
**********************
Polarity time: 0.003565
Preprocess time: 0.011196
Decompose Order: 0.000007
Encoding Graph Time: 0.004553
Elapse Encode time: 3.386017
Is problem UNSAT after encoding: 0
CNF Encode time: 0.000000
SAT Solving time: 32.369498
Result Computed in SAT solver:	SAT
CSOLVER solve time: 35.755526
Param PREPROCESS = 1 	 range=[0,1]
Param ELEMENTOPTSETS = 0 	 range=[0,1]
Param ELEMENTOPT = 0 	 range=[0,1]
Param PROXYVARIABLE = 5 	 range=[1,5]
Received score 35755525576.000000
Mutating 1 settings
&&&&&&&&Mutating&&&&&&&
Param PREPROCESS = 0 	 range=[0,1]
&&&&&&&&&&&&&&&&&&&&&&&
**********************
Polarity time: 0.003605
Preprocess time: 0.000016
Decompose Order: 0.000004
Encoding Graph Time: 0.004501
Elapse Encode time: 3.374840
Is problem UNSAT after encoding: 0
CNF Encode time: 0.000000
SAT Solving time: 108.432511
Result Computed in SAT solver:	SAT
CSOLVER solve time: 111.807363
Param PREPROCESS = 0 	 range=[0,1]
Param ELEMENTOPTSETS = 0 	 range=[0,1]
Param ELEMENTOPT = 0 	 range=[0,1]
Param PROXYVARIABLE = 4 	 range=[1,5]
Received score 111807362878.000000
Mutating 1 settings
&&&&&&&&Mutating&&&&&&&
Param PREPROCESS = 0 	 range=[0,1]
&&&&&&&&&&&&&&&&&&&&&&&
**********************
Polarity time: 0.003596
Preprocess time: 0.000015
Decompose Order: 0.000003
Encoding Graph Time: 0.004528
Elapse Encode time: 3.372506
Is problem UNSAT after encoding: 0
CNF Encode time: 0.000000
SAT Solving time: 61.460759
Result Computed in SAT solver:	SAT
CSOLVER solve time: 64.833276
Param PREPROCESS = 0 	 range=[0,1]
Param ELEMENTOPTSETS = 0 	 range=[0,1]
Param ELEMENTOPT = 0 	 range=[0,1]
Param PROXYVARIABLE = 4 	 range=[1,5]
Received score 64833276115.000000
Mutating 1 settings
&&&&&&&&Mutating&&&&&&&
Param ELEMENTOPT = 1 	 range=[0,1]
&&&&&&&&&&&&&&&&&&&&&&&
**********************
Polarity time: 0.003583
Preprocess time: 0.011129
Decompose Order: 0.000006
Encoding Graph Time: 0.037114
Elapse Encode time: 0.997624
Is problem UNSAT after encoding: 0
CNF Encode time: 0.000000
SAT Solving time: 26.648506
Result Computed in SAT solver:	SAT
CSOLVER solve time: 27.646141
Param PREPROCESS = 1 	 range=[0,1]
Param ELEMENTOPTSETS = 0 	 range=[0,1]
Param ELEMENTOPT = 1 	 range=[0,1]
Param PROXYVARIABLE = 4 	 range=[1,5]
Received score 27646140703.000000
Mutating 1 settings
&&&&&&&&Mutating&&&&&&&
Param ELEMENTOPT = 1 	 range=[0,1]
&&&&&&&&&&&&&&&&&&&&&&&
**********************
Polarity time: 0.003623
Preprocess time: 0.011095
Decompose Order: 0.000006
Encoding Graph Time: 0.037181
Elapse Encode time: 1.000318
Is problem UNSAT after encoding: 0
CNF Encode time: 0.000000
SAT Solving time: 71.175752
Result Computed in SAT solver:	SAT
CSOLVER solve time: 72.176080
Param PREPROCESS = 1 	 range=[0,1]
Param ELEMENTOPTSETS = 0 	 range=[0,1]
Param ELEMENTOPT = 1 	 range=[0,1]
Param PROXYVARIABLE = 4 	 range=[1,5]
Received score 72176079940.000000
Mutating 1 settings
&&&&&&&&Mutating&&&&&&&
Param ELEMENTOPTSETS = 1 	 range=[0,1]
&&&&&&&&&&&&&&&&&&&&&&&
**********************
Polarity time: 0.003619
Preprocess time: 0.011116
Decompose Order: 0.000006
Encoding Graph Time: 0.004639
Elapse Encode time: 3.385965
Is problem UNSAT after encoding: 0
CNF Encode time: 0.000000
SAT Solving time: 16.013478
Result Computed in SAT solver:	SAT
CSOLVER solve time: 19.399454
Param PREPROCESS = 1 	 range=[0,1]
Param ELEMENTOPTSETS = 1 	 range=[0,1]
Param ELEMENTOPT = 0 	 range=[0,1]
Param PROXYVARIABLE = 4 	 range=[1,5]
Received score 19399453559.000000
Mutating 1 settings
&&&&&&&&Mutating&&&&&&&
Param ELEMENTOPT = 1 	 range=[0,1]
&&&&&&&&&&&&&&&&&&&&&&&
**********************
Polarity time: 0.003562
Preprocess time: 0.011236
Decompose Order: 0.000006
Encoding Graph Time: 0.070376
Elapse Encode time: 0.160124
Is problem UNSAT after encoding: 0
CNF Encode time: 0.000000
SAT Solving time: 83.829085
Result Computed in SAT solver:	SAT
CSOLVER solve time: 83.989220
Param PREPROCESS = 1 	 range=[0,1]
Param ELEMENTOPTSETS = 1 	 range=[0,1]
Param ELEMENTOPT = 1 	 range=[0,1]
Param PROXYVARIABLE = 4 	 range=[1,5]
Received score 83989219554.000000
Mutating 1 settings
&&&&&&&&Mutating&&&&&&&
Param PREPROCESS = 0 	 range=[0,1]
&&&&&&&&&&&&&&&&&&&&&&&
**********************
Polarity time: 0.003630
Preprocess time: 0.000014
Decompose Order: 0.000004
Encoding Graph Time: 0.004486
Elapse Encode time: 3.382889
Is problem UNSAT after encoding: 0
CNF Encode time: 0.000000
SAT Solving time: 15.896570
Result Computed in SAT solver:	SAT
CSOLVER solve time: 19.279470
Param PREPROCESS = 0 	 range=[0,1]
Param ELEMENTOPTSETS = 1 	 range=[0,1]
Param ELEMENTOPT = 0 	 range=[0,1]
Param PROXYVARIABLE = 4 	 range=[1,5]
Received score 19279470399.000000
Mutating 1 settings
&&&&&&&&Mutating&&&&&&&
Param ELEMENTOPT = 1 	 range=[0,1]
&&&&&&&&&&&&&&&&&&&&&&&
**********************
Polarity time: 0.003534
Preprocess time: 0.000015
Decompose Order: 0.000003
Encoding Graph Time: 0.069747
Elapse Encode time: 0.148181
Is problem UNSAT after encoding: 0
CNF Encode time: 0.000000
SAT Solving time: 82.512962
Result Computed in SAT solver:	SAT
CSOLVER solve time: 82.661153
Param PREPROCESS = 0 	 range=[0,1]
Param ELEMENTOPTSETS = 1 	 range=[0,1]
Param ELEMENTOPT = 1 	 range=[0,1]
Param PROXYVARIABLE = 4 	 range=[1,5]
Received score 82661152628.000000
Mutating 1 settings
&&&&&&&&Mutating&&&&&&&
Param PREPROCESS = 1 	 range=[0,1]
&&&&&&&&&&&&&&&&&&&&&&&
**********************
Polarity time: 0.003597
Preprocess time: 0.011241
Decompose Order: 0.000006
Encoding Graph Time: 0.004552
Elapse Encode time: 3.390503
Is problem UNSAT after encoding: 0
CNF Encode time: 0.000000
SAT Solving time: 16.391724
Result Computed in SAT solver:	SAT
CSOLVER solve time: 19.782237
Param PREPROCESS = 1 	 range=[0,1]
Param ELEMENTOPTSETS = 1 	 range=[0,1]
Param ELEMENTOPT = 0 	 range=[0,1]
Param PROXYVARIABLE = 4 	 range=[1,5]
Received score 19782237090.000000
Mutating 1 settings
&&&&&&&&Mutating&&&&&&&
Param ELEMENTOPT = 1 	 range=[0,1]
&&&&&&&&&&&&&&&&&&&&&&&
**********************
Polarity time: 0.003606
Preprocess time: 0.011243
Decompose Order: 0.000006
Encoding Graph Time: 0.069991
Elapse Encode time: 0.159843
Is problem UNSAT after encoding: 0
CNF Encode time: 0.000000
SAT Solving time: 82.459144
Result Computed in SAT solver:	SAT
CSOLVER solve time: 82.618996
Param PREPROCESS = 1 	 range=[0,1]
Param ELEMENTOPTSETS = 1 	 range=[0,1]
Param ELEMENTOPT = 1 	 range=[0,1]
Param PROXYVARIABLE = 4 	 range=[1,5]
Received score 82618995928.000000
Mutating 1 settings
&&&&&&&&Mutating&&&&&&&
Param ELEMENTOPT = 1 	 range=[0,1]
&&&&&&&&&&&&&&&&&&&&&&&
**********************
Polarity time: 0.003619
Preprocess time: 0.011217
Decompose Order: 0.000007
Encoding Graph Time: 0.069986
Elapse Encode time: 0.159895
Is problem UNSAT after encoding: 0
CNF Encode time: 0.000000
SAT Solving time: 82.789035
Result Computed in SAT solver:	SAT
CSOLVER solve time: 82.948966
Param PREPROCESS = 1 	 range=[0,1]
Param ELEMENTOPTSETS = 1 	 range=[0,1]
Param ELEMENTOPT = 1 	 range=[0,1]
Param PROXYVARIABLE = 4 	 range=[1,5]
Received score 82948965952.000000
Mutating 1 settings
&&&&&&&&Mutating&&&&&&&
Param PREPROCESS = 0 	 range=[0,1]
&&&&&&&&&&&&&&&&&&&&&&&
**********************
Polarity time: 0.003641
Preprocess time: 0.000014
Decompose Order: 0.000004
Encoding Graph Time: 0.004493
Elapse Encode time: 3.379458
Is problem UNSAT after encoding: 0
CNF Encode time: 0.000000
SAT Solving time: 16.152344
Result Computed in SAT solver:	SAT
CSOLVER solve time: 19.531813
Param PREPROCESS = 0 	 range=[0,1]
Param ELEMENTOPTSETS = 1 	 range=[0,1]
Param ELEMENTOPT = 0 	 range=[0,1]
Param PROXYVARIABLE = 4 	 range=[1,5]
Received score 19531813164.000000
Mutating 1 settings
&&&&&&&&Mutating&&&&&&&
Param PROXYVARIABLE = 3 	 range=[1,5]
&&&&&&&&&&&&&&&&&&&&&&&
**********************
Polarity time: 0.003615
Preprocess time: 0.000014
Decompose Order: 0.000003
Encoding Graph Time: 0.004428
Elapse Encode time: 3.388834
Is problem UNSAT after encoding: 0
CNF Encode time: 0.000000
SAT Solving time: 94.074652
Result Computed in SAT solver:	SAT
CSOLVER solve time: 97.463497
Param PREPROCESS = 0 	 range=[0,1]
Param ELEMENTOPTSETS = 1 	 range=[0,1]
Param ELEMENTOPT = 0 	 range=[0,1]
Param PROXYVARIABLE = 3 	 range=[1,5]
Received score 97463497348.000000
Mutating 1 settings
&&&&&&&&Mutating&&&&&&&
Param PROXYVARIABLE = 2 	 range=[1,5]
&&&&&&&&&&&&&&&&&&&&&&&
**********************
Polarity time: 0.003597
Preprocess time: 0.000014
Decompose Order: 0.000003
Encoding Graph Time: 0.004440
Elapse Encode time: 3.379140
Is problem UNSAT after encoding: 0
CNF Encode time: 0.000000
SAT Solving time: 71.074409
Result Computed in SAT solver:	SAT
CSOLVER solve time: 74.453559
Param PREPROCESS = 0 	 range=[0,1]
Param ELEMENTOPTSETS = 1 	 range=[0,1]
Param ELEMENTOPT = 0 	 range=[0,1]
Param PROXYVARIABLE = 2 	 range=[1,5]
Received score 74453559426.000000
Mutating 1 settings
&&&&&&&&Mutating&&&&&&&
Param ELEMENTOPTSETS = 0 	 range=[0,1]
&&&&&&&&&&&&&&&&&&&&&&&
**********************
Polarity time: 0.004336
Preprocess time: 0.000022
Decompose Order: 0.000004
Encoding Graph Time: 0.005427
Elapse Encode time: 3.380403
Is problem UNSAT after encoding: 0
CNF Encode time: 0.000000
SAT Solving time: 86.655901
Result Computed in SAT solver:	SAT
CSOLVER solve time: 90.036315
Param PREPROCESS = 0 	 range=[0,1]
Param ELEMENTOPTSETS = 0 	 range=[0,1]
Param ELEMENTOPT = 0 	 range=[0,1]
Param PROXYVARIABLE = 4 	 range=[1,5]
Received score 90036314667.000000
Mutating 1 settings
&&&&&&&&Mutating&&&&&&&
Param ELEMENTOPT = 1 	 range=[0,1]
&&&&&&&&&&&&&&&&&&&&&&&
**********************
Polarity time: 0.004355
Preprocess time: 0.000016
Decompose Order: 0.000003
Encoding Graph Time: 0.074442
Elapse Encode time: 0.154603
Is problem UNSAT after encoding: 0
CNF Encode time: 0.000000
SAT Solving time: 82.257309
Result Computed in SAT solver:	SAT
CSOLVER solve time: 82.411922
Param PREPROCESS = 0 	 range=[0,1]
Param ELEMENTOPTSETS = 1 	 range=[0,1]
Param ELEMENTOPT = 1 	 range=[0,1]
Param PROXYVARIABLE = 4 	 range=[1,5]
Received score 82411922080.000000
Mutating 1 settings
&&&&&&&&Mutating&&&&&&&
Param PROXYVARIABLE = 2 	 range=[1,5]
&&&&&&&&&&&&&&&&&&&&&&&
**********************
Polarity time: 0.004289
Preprocess time: 0.000014
Decompose Order: 0.000003
Encoding Graph Time: 0.005336
Elapse Encode time: 3.391593
Is problem UNSAT after encoding: 0
CNF Encode time: 0.000000
SAT Solving time: 87.475675
Result Computed in SAT solver:	SAT
CSOLVER solve time: 90.867278
Param PREPROCESS = 0 	 range=[0,1]
Param ELEMENTOPTSETS = 1 	 range=[0,1]
Param ELEMENTOPT = 0 	 range=[0,1]
Param PROXYVARIABLE = 2 	 range=[1,5]
Received score 90867278483.000000
Mutating 1 settings
&&&&&&&&Mutating&&&&&&&
Param PREPROCESS = 1 	 range=[0,1]
&&&&&&&&&&&&&&&&&&&&&&&
**********************
Polarity time: 0.003639
Preprocess time: 0.011204
Decompose Order: 0.000006
Encoding Graph Time: 0.004632
Elapse Encode time: 3.383923
Is problem UNSAT after encoding: 0
CNF Encode time: 0.000000
SAT Solving time: 16.068230
Result Computed in SAT solver:	SAT
CSOLVER solve time: 19.452165
Param PREPROCESS = 1 	 range=[0,1]
Param ELEMENTOPTSETS = 1 	 range=[0,1]
Param ELEMENTOPT = 0 	 range=[0,1]
Param PROXYVARIABLE = 4 	 range=[1,5]
Received score 19452165317.000000
Mutating 1 settings
&&&&&&&&Mutating&&&&&&&
Param ELEMENTOPTSETS = 0 	 range=[0,1]
&&&&&&&&&&&&&&&&&&&&&&&
**********************
Polarity time: 0.004319
Preprocess time: 0.014972
Decompose Order: 0.000007
Encoding Graph Time: 0.005565
Elapse Encode time: 3.398950
Is problem UNSAT after encoding: 0
CNF Encode time: 0.000000
SAT Solving time: 59.972419
Result Computed in SAT solver:	SAT
CSOLVER solve time: 63.371381
Param PREPROCESS = 1 	 range=[0,1]
Param ELEMENTOPTSETS = 0 	 range=[0,1]
Param ELEMENTOPT = 0 	 range=[0,1]
Param PROXYVARIABLE = 4 	 range=[1,5]
Received score 63371380931.000000
Mutating 1 settings
&&&&&&&&Mutating&&&&&&&
Param PROXYVARIABLE = 3 	 range=[1,5]
&&&&&&&&&&&&&&&&&&&&&&&
**********************
Polarity time: 0.004375
Preprocess time: 0.015001
Decompose Order: 0.000006
Encoding Graph Time: 0.005624
Elapse Encode time: 3.401645
Is problem UNSAT after encoding: 0
CNF Encode time: 0.000000
SAT Solving time: 72.692053
Result Computed in SAT solver:	SAT
CSOLVER solve time: 76.093709
Param PREPROCESS = 1 	 range=[0,1]
Param ELEMENTOPTSETS = 1 	 range=[0,1]
Param ELEMENTOPT = 0 	 range=[0,1]
Param PROXYVARIABLE = 3 	 range=[1,5]
Received score 76093708689.000000
Mutating 1 settings
&&&&&&&&Mutating&&&&&&&
Param PREPROCESS = 0 	 range=[0,1]
&&&&&&&&&&&&&&&&&&&&&&&
**********************
Polarity time: 0.004366
Preprocess time: 0.000014
Decompose Order: 0.000004
Encoding Graph Time: 0.005468
Elapse Encode time: 3.380701
Is problem UNSAT after encoding: 0
CNF Encode time: 0.000000
SAT Solving time: 15.878807
Result Computed in SAT solver:	SAT
CSOLVER solve time: 19.259520
Param PREPROCESS = 0 	 range=[0,1]
Param ELEMENTOPTSETS = 1 	 range=[0,1]
Param ELEMENTOPT = 0 	 range=[0,1]
Param PROXYVARIABLE = 4 	 range=[1,5]
Received score 19259520074.000000
Mutating 1 settings
&&&&&&&&Mutating&&&&&&&
Param PREPROCESS = 1 	 range=[0,1]
&&&&&&&&&&&&&&&&&&&&&&&
**********************
Polarity time: 0.004352
Preprocess time: 0.015053
Decompose Order: 0.000006
Encoding Graph Time: 0.005608
Elapse Encode time: 3.403785
Is problem UNSAT after encoding: 0
CNF Encode time: 0.000000
SAT Solving time: 71.899633
Result Computed in SAT solver:	SAT
CSOLVER solve time: 75.303430
Param PREPROCESS = 1 	 range=[0,1]
Param ELEMENTOPTSETS = 1 	 range=[0,1]
Param ELEMENTOPT = 0 	 range=[0,1]
Param PROXYVARIABLE = 4 	 range=[1,5]
Received score 75303429567.000000
Best tuner:
Param PREPROCESS = 0 	 range=[0,1]
Param ELEMENTOPTSETS = 0 	 range=[0,1]
Param ELEMENTOPT = 1 	 range=[0,1]
Param PROXYVARIABLE = 1 	 range=[1,5]
Received score 6942956251.000000
